[21-Apr-2026 09:55:31 Europe/Berlin] Request: GET, Action: get
[21-Apr-2026 09:55:31 Europe/Berlin] Request: GET, Action: get
[21-Apr-2026 09:55:31 Europe/Berlin] Database error: SQLSTATE[42S02]: Base table or view not found: 1146 Table 'cam.clubs' doesn't exist
[21-Apr-2026 09:55:31 Europe/Berlin] Database error: SQLSTATE[42S02]: Base table or view not found: 1146 Table 'cam.clubs' doesn't exist
[21-Apr-2026 10:27:20 Europe/Berlin] Request: GET, Action: get
[21-Apr-2026 10:27:20 Europe/Berlin] Request: GET, Action: get
[21-Apr-2026 10:29:34 Europe/Berlin] Request: POST, Action: add
[21-Apr-2026 10:29:34 Europe/Berlin] Request: GET, Action: get
[21-Apr-2026 10:29:48 Europe/Berlin] Request: GET, Action: get
[21-Apr-2026 10:29:48 Europe/Berlin] Request: GET, Action: get
[21-Apr-2026 10:31:36 Europe/Berlin] Request: POST, Action: add
[21-Apr-2026 10:31:37 Europe/Berlin] Request: GET, Action: get
[21-Apr-2026 10:43:57 Europe/Berlin] Request: GET, Action: get
[21-Apr-2026 10:43:57 Europe/Berlin] Request: GET, Action: get
[21-Apr-2026 10:43:57 Europe/Berlin] Request: GET, Action: get
[21-Apr-2026 10:43:57 Europe/Berlin] Request: GET, Action: get
[21-Apr-2026 10:47:59 Europe/Berlin] Request: POST, Action: add
[21-Apr-2026 10:47:59 Europe/Berlin] Request: GET, Action: get
[21-Apr-2026 11:40:36 Europe/Berlin] Request: GET, Action: get
[21-Apr-2026 11:40:36 Europe/Berlin] Request: GET, Action: get
[21-Apr-2026 11:40:36 Europe/Berlin] Request: GET, Action: get
[21-Apr-2026 11:40:36 Europe/Berlin] Request: GET, Action: get
[21-Apr-2026 11:51:33 Europe/Berlin] Request: GET, Action: get
[21-Apr-2026 11:51:33 Europe/Berlin] Request: GET, Action: get
[21-Apr-2026 11:53:18 Europe/Berlin] Request: GET, Action: get
[21-Apr-2026 11:53:18 Europe/Berlin] Request: GET, Action: get
[21-Apr-2026 11:53:18 Europe/Berlin] Request: GET, Action: get
[21-Apr-2026 11:53:18 Europe/Berlin] Request: GET, Action: get
[22-Apr-2026 04:52:12 Europe/Berlin] Request: GET, Action: get
[22-Apr-2026 04:52:12 Europe/Berlin] Request: GET, Action: get
[22-Apr-2026 04:52:12 Europe/Berlin] Request: GET, Action: get
[22-Apr-2026 04:52:12 Europe/Berlin] Request: GET, Action: get
[22-Apr-2026 04:54:11 Europe/Berlin] Request: GET, Action: get
[22-Apr-2026 04:54:11 Europe/Berlin] Request: GET, Action: get
[22-Apr-2026 04:54:11 Europe/Berlin] Request: GET, Action: get
[22-Apr-2026 04:54:11 Europe/Berlin] Request: GET, Action: get
[22-Apr-2026 04:54:41 Europe/Berlin] Request: GET, Action: get
[22-Apr-2026 04:54:41 Europe/Berlin] Request: GET, Action: get
[22-Apr-2026 04:54:41 Europe/Berlin] Request: GET, Action: get
[22-Apr-2026 04:54:41 Europe/Berlin] Request: GET, Action: get
[22-Apr-2026 04:55:10 Europe/Berlin] Request: POST, Action: add
[22-Apr-2026 04:55:10 Europe/Berlin] Request: GET, Action: get
[22-Apr-2026 09:17:11 Europe/Berlin] Request: GET, Action: get
[22-Apr-2026 09:17:11 Europe/Berlin] Request: GET, Action: get
[22-Apr-2026 12:42:54 Europe/Berlin] Request: GET, Action: get
[22-Apr-2026 12:42:55 Europe/Berlin] Request: GET, Action: get
[22-Apr-2026 12:55:09 Europe/Berlin] Request: GET, Action: get
[22-Apr-2026 12:55:09 Europe/Berlin] Request: GET, Action: get
[22-Apr-2026 13:22:37 Europe/Berlin] Request: GET, Action: get
[22-Apr-2026 13:22:37 Europe/Berlin] Request: GET, Action: get
[22-Apr-2026 13:22:39 Europe/Berlin] Request: GET, Action: get_public
[22-Apr-2026 13:22:59 Europe/Berlin] Request: GET, Action: get_by_category
[22-Apr-2026 13:23:34 Europe/Berlin] Request: GET, Action: get_by_category
[22-Apr-2026 13:23:36 Europe/Berlin] Request: GET, Action: get_by_category
[22-Apr-2026 13:24:03 Europe/Berlin] Request: GET, Action: get_public
[23-Apr-2026 12:20:51 Europe/Berlin] Request: GET, Action: get
[23-Apr-2026 12:20:51 Europe/Berlin] Request: GET, Action: get
[23-Apr-2026 12:21:17 Europe/Berlin] Request: GET, Action: get_public
[23-Apr-2026 12:21:24 Europe/Berlin] Request: GET, Action: get_by_category
[23-Apr-2026 12:21:26 Europe/Berlin] Request: GET, Action: get_by_category
[23-Apr-2026 12:31:28 Europe/Berlin] Request: GET, Action: get_public
[23-Apr-2026 12:36:03 Europe/Berlin] Request: GET, Action: get_public
[23-Apr-2026 12:51:11 Europe/Berlin] Request: GET, Action: get_public
[23-Apr-2026 13:01:54 Europe/Berlin] Request: GET, Action: get_public
[23-Apr-2026 13:10:37 Europe/Berlin] Request: GET, Action: get
[23-Apr-2026 13:10:43 Europe/Berlin] Request: GET, Action: get_public
[23-Apr-2026 13:11:50 Europe/Berlin] Request: GET, Action: get_public
[23-Apr-2026 13:12:14 Europe/Berlin] Request: GET, Action: get_public
[23-Apr-2026 13:12:41 Europe/Berlin] Request: GET, Action: get_public
[23-Apr-2026 13:16:09 Europe/Berlin] Request: GET, Action: get
[23-Apr-2026 13:21:45 Europe/Berlin] Request: GET, Action: get
[23-Apr-2026 13:23:23 Europe/Berlin] Request: GET, Action: get
[23-Apr-2026 13:24:46 Europe/Berlin] Request: GET, Action: get_public
[23-Apr-2026 13:29:46 Europe/Berlin] Request: GET, Action: get_public
[23-Apr-2026 13:30:52 Europe/Berlin] Request: GET, Action: get_public
[23-Apr-2026 13:31:27 Europe/Berlin] Request: GET, Action: get_public
[23-Apr-2026 13:36:43 Europe/Berlin] Request: GET, Action: get_public
[23-Apr-2026 13:39:00 Europe/Berlin] Request: GET, Action: get
[23-Apr-2026 13:39:01 Europe/Berlin] Request: GET, Action: get_public
[23-Apr-2026 13:41:01 Europe/Berlin] Request: GET, Action: get
[23-Apr-2026 13:41:04 Europe/Berlin] Request: GET, Action: get_public
[23-Apr-2026 13:41:14 Europe/Berlin] Request: GET, Action: get_public
[23-Apr-2026 13:45:51 Europe/Berlin] Request: GET, Action: get
[23-Apr-2026 13:45:57 Europe/Berlin] Request: GET, Action: get_public
[23-Apr-2026 13:46:02 Europe/Berlin] Request: GET, Action: get_public
[23-Apr-2026 13:47:05 Europe/Berlin] Request: GET, Action: get_public
[23-Apr-2026 13:59:46 Europe/Berlin] Request: GET, Action: get
[23-Apr-2026 14:02:42 Europe/Berlin] Request: GET, Action: get
[23-Apr-2026 14:04:51 Europe/Berlin] Request: GET, Action: get
[23-Apr-2026 14:05:05 Europe/Berlin] Request: GET, Action: get_public
[23-Apr-2026 14:05:43 Europe/Berlin] Request: GET, Action: get
[23-Apr-2026 14:07:15 Europe/Berlin] Request: GET, Action: get
[23-Apr-2026 14:26:44 Europe/Berlin] Request: GET, Action: get
[23-Apr-2026 14:32:37 Europe/Berlin] Request: GET, Action: get
[23-Apr-2026 14:40:20 Europe/Berlin] Request: GET, Action: get
[23-Apr-2026 14:41:07 Europe/Berlin] Request: GET, Action: get
[23-Apr-2026 15:07:49 Europe/Berlin] Request: GET, Action: get
[24-Apr-2026 08:46:21 Europe/Berlin] Request: GET, Action: get
[24-Apr-2026 08:46:21 Europe/Berlin] Request: GET, Action: get
[24-Apr-2026 08:46:37 Europe/Berlin] Request: GET, Action: get
[24-Apr-2026 08:46:37 Europe/Berlin] Request: GET, Action: get
[24-Apr-2026 08:48:32 Europe/Berlin] Request: GET, Action: get
[24-Apr-2026 08:48:36 Europe/Berlin] Request: GET, Action: get_public
[24-Apr-2026 08:48:54 Europe/Berlin] Request: GET, Action: get_public
[24-Apr-2026 08:50:01 Europe/Berlin] Request: GET, Action: get
[24-Apr-2026 08:50:03 Europe/Berlin] Request: GET, Action: get_public
[24-Apr-2026 08:50:11 Europe/Berlin] Request: GET, Action: get_public
[24-Apr-2026 09:05:19 Europe/Berlin] Request: GET, Action: get
[24-Apr-2026 09:05:19 Europe/Berlin] Request: GET, Action: get
[24-Apr-2026 09:05:22 Europe/Berlin] Request: GET, Action: get
[24-Apr-2026 09:05:22 Europe/Berlin] Request: GET, Action: get
[24-Apr-2026 09:05:29 Europe/Berlin] Request: GET, Action: get
[24-Apr-2026 09:05:29 Europe/Berlin] Request: GET, Action: get
[24-Apr-2026 09:18:35 Europe/Berlin] Request: GET, Action: get
[24-Apr-2026 09:18:35 Europe/Berlin] Request: GET, Action: get
[24-Apr-2026 10:20:49 Europe/Berlin] Request: GET, Action: get
[24-Apr-2026 10:21:36 Europe/Berlin] Request: GET, Action: get
[02-May-2026 09:36:19 Europe/Berlin] Request: GET, Action: get
[02-May-2026 09:41:52 Europe/Berlin] Request: GET, Action: get
[02-May-2026 09:42:02 Europe/Berlin] Request: GET, Action: get
[02-May-2026 09:42:02 Europe/Berlin] Request: GET, Action: get
[02-May-2026 09:42:18 Europe/Berlin] Request: GET, Action: get
[02-May-2026 09:42:18 Europe/Berlin] Request: GET, Action: get
[02-May-2026 09:42:40 Europe/Berlin] Request: GET, Action: get
[02-May-2026 09:43:06 Europe/Berlin] Request: GET, Action: get
[02-May-2026 09:43:06 Europe/Berlin] Request: GET, Action: get
[02-May-2026 09:49:40 Europe/Berlin] Request: GET, Action: get
[02-May-2026 10:06:38 Europe/Berlin] Request: GET, Action: get
[02-May-2026 10:07:06 Europe/Berlin] Request: GET, Action: get
[02-May-2026 10:11:27 Europe/Berlin] Request: GET, Action: get
[02-May-2026 10:24:25 Europe/Berlin] Request: GET, Action: get
[02-May-2026 10:26:12 Europe/Berlin] Request: GET, Action: get
[02-May-2026 10:34:50 Europe/Berlin] Request: GET, Action: get
[02-May-2026 10:50:13 Europe/Berlin] Request: GET, Action: get
[02-May-2026 10:52:20 Europe/Berlin] Request: GET, Action: get
[02-May-2026 10:52:20 Europe/Berlin] Request: GET, Action: get
[02-May-2026 10:52:39 Europe/Berlin] Request: GET, Action: get
[02-May-2026 10:52:39 Europe/Berlin] Request: GET, Action: get
[02-May-2026 10:55:20 Europe/Berlin] Request: POST, Action: add
[02-May-2026 10:55:20 Europe/Berlin] Request: GET, Action: get
[02-May-2026 10:55:39 Europe/Berlin] Request: GET, Action: get
[02-May-2026 10:55:39 Europe/Berlin] Request: GET, Action: get
[02-May-2026 11:11:36 Europe/Berlin] Request: GET, Action: get
[02-May-2026 21:31:13 Europe/Berlin] Request: GET, Action: get
[02-May-2026 22:08:29 Europe/Berlin] Request: GET, Action: get
[02-May-2026 22:16:51 Europe/Berlin] Request: GET, Action: get
[02-May-2026 22:17:25 Europe/Berlin] Request: GET, Action: get
[02-May-2026 22:22:11 Europe/Berlin] Request: GET, Action: get
[02-May-2026 22:23:10 Europe/Berlin] Request: GET, Action: get
[02-May-2026 22:40:55 Europe/Berlin] Request: GET, Action: get
[02-May-2026 22:41:04 Europe/Berlin] Request: GET, Action: get
[02-May-2026 22:41:04 Europe/Berlin] Request: GET, Action: get
[02-May-2026 22:41:39 Europe/Berlin] Request: GET, Action: get
[02-May-2026 22:41:50 Europe/Berlin] Request: GET, Action: get
[02-May-2026 22:42:20 Europe/Berlin] Request: GET, Action: get
[02-May-2026 22:43:09 Europe/Berlin] Request: GET, Action: get
[02-May-2026 22:43:52 Europe/Berlin] Request: GET, Action: get
[03-May-2026 12:52:23 Europe/Berlin] Request: GET, Action: get
[03-May-2026 12:52:23 Europe/Berlin] Request: GET, Action: get
[03-May-2026 12:52:54 Europe/Berlin] Request: GET, Action: get
[03-May-2026 13:01:02 Europe/Berlin] Request: GET, Action: get
[03-May-2026 13:01:03 Europe/Berlin] Request: GET, Action: get
[03-May-2026 13:01:13 Europe/Berlin] Request: GET, Action: get
[03-May-2026 13:01:13 Europe/Berlin] Request: GET, Action: get
[03-May-2026 13:09:06 Europe/Berlin] Request: GET, Action: get
[03-May-2026 13:09:06 Europe/Berlin] Request: GET, Action: get
[03-May-2026 13:11:48 Europe/Berlin] Request: GET, Action: get
[03-May-2026 13:13:20 Europe/Berlin] Request: GET, Action: get
[03-May-2026 13:13:20 Europe/Berlin] Request: GET, Action: get
[03-May-2026 13:14:33 Europe/Berlin] Request: GET, Action: get
[03-May-2026 13:14:33 Europe/Berlin] Request: GET, Action: get
[03-May-2026 13:46:37 Europe/Berlin] Request: GET, Action: get
[03-May-2026 13:46:37 Europe/Berlin] Request: GET, Action: get
[03-May-2026 13:47:01 Europe/Berlin] Request: GET, Action: get
[03-May-2026 13:47:19 Europe/Berlin] Request: GET, Action: get
[03-May-2026 13:47:19 Europe/Berlin] Request: GET, Action: get
[03-May-2026 13:47:37 Europe/Berlin] Request: GET, Action: get
[06-May-2026 05:09:07 Europe/Berlin] Request: GET, Action: get
[06-May-2026 05:10:34 Europe/Berlin] Request: GET, Action: get_public
[06-May-2026 05:10:44 Europe/Berlin] Request: GET, Action: get_public
[06-May-2026 05:13:31 Europe/Berlin] Request: GET, Action: get
[06-May-2026 05:14:52 Europe/Berlin] Request: GET, Action: get_public
[06-May-2026 05:15:39 Europe/Berlin] Request: GET, Action: get_public
[06-May-2026 05:16:16 Europe/Berlin] Request: GET, Action: get_public
[06-May-2026 05:19:29 Europe/Berlin] Request: GET, Action: get
[06-May-2026 05:19:39 Europe/Berlin] Request: GET, Action: get_public
[06-May-2026 05:20:15 Europe/Berlin] Request: GET, Action: get_public
[06-May-2026 06:02:44 Europe/Berlin] Request: GET, Action: get
[06-May-2026 06:27:14 Europe/Berlin] Request: GET, Action: get
[06-May-2026 06:27:14 Europe/Berlin] Request: GET, Action: get
[06-May-2026 06:29:33 Europe/Berlin] Request: GET, Action: get
[06-May-2026 06:29:33 Europe/Berlin] Request: GET, Action: get
[06-May-2026 06:41:00 Europe/Berlin] Request: GET, Action: get
[06-May-2026 06:52:46 Europe/Berlin] Request: GET, Action: get
[06-May-2026 06:52:46 Europe/Berlin] Request: GET, Action: get
[06-May-2026 06:52:55 Europe/Berlin] Request: GET, Action: get
[06-May-2026 06:52:55 Europe/Berlin] Request: GET, Action: get
[06-May-2026 12:01:47 Europe/Berlin] Request: GET, Action: get
[06-May-2026 12:01:47 Europe/Berlin] Request: GET, Action: get
[06-May-2026 12:02:15 Europe/Berlin] Request: GET, Action: get
[06-May-2026 12:02:15 Europe/Berlin] Request: GET, Action: get
[06-May-2026 12:03:24 Europe/Berlin] Request: GET, Action: get
[06-May-2026 12:03:30 Europe/Berlin] Request: GET, Action: get_public
[06-May-2026 12:03:45 Europe/Berlin] Request: GET, Action: get_public
[06-May-2026 12:04:46 Europe/Berlin] Request: GET, Action: get_public
[07-May-2026 20:45:09 Europe/Berlin] Request: GET, Action: get
[07-May-2026 20:45:09 Europe/Berlin] Request: GET, Action: get
[07-May-2026 20:45:14 Europe/Berlin] Request: GET, Action: get
[07-May-2026 20:45:14 Europe/Berlin] Request: GET, Action: get
[07-May-2026 20:57:07 Europe/Berlin] Request: GET, Action: get
[07-May-2026 20:57:40 Europe/Berlin] Request: POST, Action: add
[07-May-2026 20:57:40 Europe/Berlin] Request: GET, Action: get
[07-May-2026 20:57:54 Europe/Berlin] Request: POST, Action: delete
[07-May-2026 20:57:54 Europe/Berlin] Request: GET, Action: get
[07-May-2026 20:58:27 Europe/Berlin] Request: POST, Action: add
[07-May-2026 20:58:27 Europe/Berlin] Request: GET, Action: get
[07-May-2026 20:58:37 Europe/Berlin] Request: POST, Action: delete
[07-May-2026 20:58:38 Europe/Berlin] Request: GET, Action: get
[07-May-2026 21:00:36 Europe/Berlin] Request: GET, Action: get
[07-May-2026 21:00:36 Europe/Berlin] Request: GET, Action: get
[07-May-2026 21:08:00 Europe/Berlin] Request: GET, Action: get
[08-May-2026 08:37:25 Europe/Berlin] Request: GET, Action: get
[08-May-2026 08:37:25 Europe/Berlin] Request: GET, Action: get
[08-May-2026 08:38:06 Europe/Berlin] Request: GET, Action: get
[08-May-2026 08:38:06 Europe/Berlin] Request: GET, Action: get
[08-May-2026 08:38:30 Europe/Berlin] Request: GET, Action: get
[08-May-2026 08:38:30 Europe/Berlin] Request: GET, Action: get
[28-May-2026 20:13:28 Europe/Berlin] Request: GET, Action: get
[28-May-2026 20:13:28 Europe/Berlin] Request: GET, Action: get
[28-May-2026 20:21:58 Europe/Berlin] Request: GET, Action: get
[28-May-2026 20:21:58 Europe/Berlin] Request: GET, Action: get
[29-May-2026 08:36:22 Europe/Berlin] Request: GET, Action: get
[29-May-2026 08:36:22 Europe/Berlin] Request: GET, Action: get
[29-May-2026 08:36:54 Europe/Berlin] Request: POST, Action: add
[29-May-2026 08:36:54 Europe/Berlin] Request: GET, Action: get
[29-May-2026 08:37:02 Europe/Berlin] Request: POST, Action: delete
[29-May-2026 08:37:02 Europe/Berlin] Request: GET, Action: get
[29-May-2026 08:37:13 Europe/Berlin] Request: GET, Action: get
[29-May-2026 08:37:13 Europe/Berlin] Request: GET, Action: get
[29-May-2026 08:39:18 Europe/Berlin] Request: GET, Action: get
[29-May-2026 11:21:52 Europe/Berlin] Request: GET, Action: get
[29-May-2026 11:21:52 Europe/Berlin] Request: GET, Action: get
[30-May-2026 09:49:07 Europe/Berlin] Request: GET, Action: get
[30-May-2026 09:49:07 Europe/Berlin] Request: GET, Action: get
[30-May-2026 09:49:11 Europe/Berlin] Request: GET, Action: get
[30-May-2026 09:49:11 Europe/Berlin] Request: GET, Action: get
[30-May-2026 09:50:49 Europe/Berlin] Request: GET, Action: get
[30-May-2026 09:50:51 Europe/Berlin] Request: GET, Action: get_public
[30-May-2026 09:51:22 Europe/Berlin] Request: GET, Action: get_public
[30-May-2026 11:01:30 Europe/Berlin] Request: GET, Action: get
[30-May-2026 11:01:36 Europe/Berlin] Request: GET, Action: get_public
[30-May-2026 11:01:51 Europe/Berlin] Request: GET, Action: get_public
[30-May-2026 11:10:46 Europe/Berlin] Request: GET, Action: get_public
[30-May-2026 11:10:55 Europe/Berlin] Request: GET, Action: get_public
[30-May-2026 11:10:58 Europe/Berlin] Request: GET, Action: get_public
[30-May-2026 11:11:33 Europe/Berlin] Request: GET, Action: get_public
[30-May-2026 11:11:41 Europe/Berlin] Request: GET, Action: get_public
[30-May-2026 11:15:09 Europe/Berlin] Request: GET, Action: get
[30-May-2026 11:15:09 Europe/Berlin] Request: GET, Action: get
[30-May-2026 11:15:18 Europe/Berlin] Request: GET, Action: get
[30-May-2026 11:15:18 Europe/Berlin] Request: GET, Action: get
[30-May-2026 11:16:17 Europe/Berlin] Request: GET, Action: get
[30-May-2026 11:16:19 Europe/Berlin] Request: GET, Action: get_public
[30-May-2026 11:16:22 Europe/Berlin] Request: GET, Action: get_public
[30-May-2026 11:28:05 Europe/Berlin] Request: GET, Action: get
[30-May-2026 11:28:09 Europe/Berlin] Request: GET, Action: get_public
[30-May-2026 11:28:15 Europe/Berlin] Request: GET, Action: get_public
[30-May-2026 11:28:28 Europe/Berlin] Request: GET, Action: get_public
[30-May-2026 11:29:20 Europe/Berlin] Request: GET, Action: get_public
[30-May-2026 14:07:03 Europe/Berlin] Request: GET, Action: get
[30-May-2026 14:07:03 Europe/Berlin] Request: GET, Action: get
[30-May-2026 14:14:32 Europe/Berlin] Request: GET, Action: get
[30-May-2026 14:14:44 Europe/Berlin] Request: GET, Action: get_public
[30-May-2026 14:15:10 Europe/Berlin] Request: GET, Action: get_public
[30-May-2026 14:32:04 Europe/Berlin] Request: GET, Action: get_public
[31-May-2026 15:04:19 Europe/Berlin] Request: GET, Action: get
[31-May-2026 15:04:37 Europe/Berlin] Request: GET, Action: get_public
[31-May-2026 15:04:55 Europe/Berlin] Request: GET, Action: get_public
[31-May-2026 15:09:13 Europe/Berlin] Request: GET, Action: get_public
[31-May-2026 16:55:38 Europe/Berlin] Request: GET, Action: get
[31-May-2026 17:01:00 Europe/Berlin] Request: GET, Action: get_public
[31-May-2026 17:01:16 Europe/Berlin] Request: GET, Action: get_public
[31-May-2026 17:01:40 Europe/Berlin] Request: GET, Action: get_public
[31-May-2026 17:05:27 Europe/Berlin] Request: GET, Action: get_public
[31-May-2026 17:06:00 Europe/Berlin] Request: GET, Action: get_public
[31-May-2026 17:06:10 Europe/Berlin] Request: GET, Action: get
[31-May-2026 17:13:51 Europe/Berlin] Request: GET, Action: get
[31-May-2026 17:19:46 Europe/Berlin] Request: GET, Action: get
[31-May-2026 17:20:02 Europe/Berlin] Request: GET, Action: get
[31-May-2026 17:20:12 Europe/Berlin] Request: GET, Action: get
[31-May-2026 17:20:25 Europe/Berlin] Request: GET, Action: get
[31-May-2026 17:20:40 Europe/Berlin] Request: GET, Action: get
[31-May-2026 17:22:08 Europe/Berlin] Request: GET, Action: get_public
[31-May-2026 17:22:38 Europe/Berlin] Request: GET, Action: get_public
[31-May-2026 17:30:28 Europe/Berlin] Request: GET, Action: get
[31-May-2026 17:30:28 Europe/Berlin] Request: GET, Action: get
[31-May-2026 17:30:33 Europe/Berlin] Request: GET, Action: get
[31-May-2026 17:30:33 Europe/Berlin] Request: GET, Action: get
[31-May-2026 17:30:37 Europe/Berlin] Request: GET, Action: get
[31-May-2026 17:30:37 Europe/Berlin] Request: GET, Action: get
[31-May-2026 17:31:09 Europe/Berlin] Request: GET, Action: get
[31-May-2026 17:31:09 Europe/Berlin] Request: GET, Action: get
[31-May-2026 17:31:32 Europe/Berlin] Request: GET, Action: get
[31-May-2026 17:31:32 Europe/Berlin] Request: GET, Action: get
[31-May-2026 17:31:54 Europe/Berlin] Request: GET, Action: get
[31-May-2026 17:31:54 Europe/Berlin] Request: GET, Action: get
[31-May-2026 17:33:52 Europe/Berlin] Request: GET, Action: get
[31-May-2026 17:37:51 Europe/Berlin] Request: GET, Action: get
[31-May-2026 17:37:55 Europe/Berlin] Request: GET, Action: get
[31-May-2026 18:06:38 Europe/Berlin] Request: GET, Action: get
[31-May-2026 18:07:13 Europe/Berlin] Request: GET, Action: get_public
[31-May-2026 18:08:37 Europe/Berlin] Request: GET, Action: get_public
[31-May-2026 18:11:37 Europe/Berlin] Request: GET, Action: get_public
[31-May-2026 18:12:43 Europe/Berlin] Request: GET, Action: get_public
[31-May-2026 18:13:06 Europe/Berlin] Request: GET, Action: get_public
[31-May-2026 18:13:12 Europe/Berlin] Request: GET, Action: get_public
[31-May-2026 18:13:33 Europe/Berlin] Request: GET, Action: get_public
[31-May-2026 18:13:45 Europe/Berlin] Request: GET, Action: get_public
[31-May-2026 18:14:19 Europe/Berlin] Request: GET, Action: get_public
[31-May-2026 18:15:44 Europe/Berlin] Request: GET, Action: get_public
[31-May-2026 18:18:37 Europe/Berlin] Request: GET, Action: get_public
[31-May-2026 18:20:22 Europe/Berlin] Request: GET, Action: get
[31-May-2026 18:20:35 Europe/Berlin] Request: GET, Action: get_public
[31-May-2026 18:20:42 Europe/Berlin] Request: GET, Action: get_public
[31-May-2026 18:21:01 Europe/Berlin] Request: GET, Action: get_public
[31-May-2026 18:21:14 Europe/Berlin] Request: GET, Action: get_public
[31-May-2026 18:38:53 Europe/Berlin] Request: GET, Action: get_public
[31-May-2026 18:38:53 Europe/Berlin] Request: GET, Action: get_public
[31-May-2026 18:38:53 Europe/Berlin] Request: GET, Action: get_public
[31-May-2026 18:38:53 Europe/Berlin] Request: GET, Action: get
[31-May-2026 18:40:53 Europe/Berlin] Request: GET, Action: get
[31-May-2026 18:41:01 Europe/Berlin] Request: GET, Action: get_public
[31-May-2026 18:41:55 Europe/Berlin] Request: GET, Action: get_public
[31-May-2026 18:43:03 Europe/Berlin] Request: GET, Action: get_public
[31-May-2026 18:45:09 Europe/Berlin] Request: GET, Action: get_public
[31-May-2026 18:45:09 Europe/Berlin] Request: GET, Action: get_public
[31-May-2026 18:45:10 Europe/Berlin] Request: GET, Action: get_public
[31-May-2026 18:45:18 Europe/Berlin] Request: GET, Action: get_public
[31-May-2026 18:45:23 Europe/Berlin] Request: GET, Action: get_public
[31-May-2026 18:45:32 Europe/Berlin] Request: GET, Action: get_public
[31-May-2026 18:49:26 Europe/Berlin] Request: GET, Action: get_public
[31-May-2026 18:49:31 Europe/Berlin] Request: GET, Action: get_public
[31-May-2026 18:49:43 Europe/Berlin] Request: GET, Action: get_public
[31-May-2026 18:49:51 Europe/Berlin] Request: GET, Action: get_public
[31-May-2026 18:50:14 Europe/Berlin] Request: GET, Action: get_public
[31-May-2026 18:50:26 Europe/Berlin] Request: GET, Action: get_public
[31-May-2026 18:50:50 Europe/Berlin] Request: GET, Action: get_public
[31-May-2026 18:51:03 Europe/Berlin] Request: GET, Action: get_public
[31-May-2026 18:51:31 Europe/Berlin] Request: GET, Action: get_public
[31-May-2026 18:54:11 Europe/Berlin] Request: GET, Action: get_public
[31-May-2026 18:54:47 Europe/Berlin] Request: GET, Action: get_public
[31-May-2026 18:55:01 Europe/Berlin] Request: GET, Action: get_public
[31-May-2026 18:56:04 Europe/Berlin] Request: GET, Action: get_public
[31-May-2026 18:56:46 Europe/Berlin] Request: GET, Action: get_public
[31-May-2026 18:56:51 Europe/Berlin] Request: GET, Action: get_public
[31-May-2026 18:57:00 Europe/Berlin] Request: GET, Action: get_public
[31-May-2026 18:57:09 Europe/Berlin] Request: GET, Action: get_public
[31-May-2026 18:59:35 Europe/Berlin] Request: GET, Action: get
[31-May-2026 18:59:59 Europe/Berlin] Request: GET, Action: get_public
[31-May-2026 19:00:14 Europe/Berlin] Request: GET, Action: get_public
[31-May-2026 19:01:06 Europe/Berlin] Request: GET, Action: get_public
[31-May-2026 19:01:32 Europe/Berlin] Request: GET, Action: get_public
[31-May-2026 19:01:46 Europe/Berlin] Request: GET, Action: get_public
[31-May-2026 19:09:38 Europe/Berlin] Request: GET, Action: get
[31-May-2026 19:09:53 Europe/Berlin] Request: GET, Action: get_public
[31-May-2026 19:09:58 Europe/Berlin] Request: GET, Action: get_public
[31-May-2026 19:11:09 Europe/Berlin] Request: GET, Action: get_public
[31-May-2026 19:11:20 Europe/Berlin] Request: GET, Action: get_public
[31-May-2026 19:12:14 Europe/Berlin] Request: GET, Action: get_public
[31-May-2026 19:17:00 Europe/Berlin] Request: GET, Action: get_public
[31-May-2026 19:17:05 Europe/Berlin] Request: GET, Action: get_public
[31-May-2026 19:21:05 Europe/Berlin] Request: GET, Action: get_public
[31-May-2026 19:23:17 Europe/Berlin] Request: GET, Action: get
[31-May-2026 19:23:31 Europe/Berlin] Request: GET, Action: get_public
[31-May-2026 19:23:33 Europe/Berlin] Request: GET, Action: get_public
[31-May-2026 19:25:12 Europe/Berlin] Request: GET, Action: get
[31-May-2026 19:43:00 Europe/Berlin] Request: GET, Action: get
[31-May-2026 19:43:00 Europe/Berlin] Request: GET, Action: get
[31-May-2026 19:47:54 Europe/Berlin] Request: GET, Action: get
[03-Jun-2026 12:52:11 Europe/Berlin] Request: GET, Action: get
[03-Jun-2026 12:52:11 Europe/Berlin] Request: GET, Action: get
[04-Jun-2026 08:51:10 Europe/Berlin] Request: GET, Action: get
[04-Jun-2026 08:58:45 Europe/Berlin] Request: GET, Action: get
[04-Jun-2026 08:58:51 Europe/Berlin] Request: GET, Action: get_public
[04-Jun-2026 09:01:11 Europe/Berlin] Request: GET, Action: get
[04-Jun-2026 09:14:20 Europe/Berlin] Request: GET, Action: get
[04-Jun-2026 09:44:18 Europe/Berlin] Request: GET, Action: get
[04-Jun-2026 09:52:56 Europe/Berlin] Request: GET, Action: get
[04-Jun-2026 10:05:01 Europe/Berlin] Request: GET, Action: get
[04-Jun-2026 10:39:02 Europe/Berlin] Request: GET, Action: get
[04-Jun-2026 10:51:06 Europe/Berlin] Request: GET, Action: get
[04-Jun-2026 10:51:12 Europe/Berlin] Request: GET, Action: get_public
[04-Jun-2026 10:51:16 Europe/Berlin] Request: GET, Action: get_public
[04-Jun-2026 10:51:28 Europe/Berlin] Request: GET, Action: get
[04-Jun-2026 10:51:34 Europe/Berlin] Request: GET, Action: get_public
[04-Jun-2026 10:51:37 Europe/Berlin] Request: GET, Action: get_public
[04-Jun-2026 10:52:15 Europe/Berlin] Request: GET, Action: get
[04-Jun-2026 10:56:18 Europe/Berlin] Request: GET, Action: get
[04-Jun-2026 10:56:18 Europe/Berlin] Request: GET, Action: get
[04-Jun-2026 10:57:41 Europe/Berlin] Request: GET, Action: get
[04-Jun-2026 10:58:57 Europe/Berlin] Request: GET, Action: get_public
[04-Jun-2026 10:58:59 Europe/Berlin] Request: GET, Action: get_public
[04-Jun-2026 11:00:11 Europe/Berlin] Request: GET, Action: get_public
[04-Jun-2026 11:00:26 Europe/Berlin] Request: GET, Action: get_public
[04-Jun-2026 11:05:14 Europe/Berlin] Request: GET, Action: get_public
[04-Jun-2026 11:05:15 Europe/Berlin] Request: GET, Action: get_public
[04-Jun-2026 11:05:53 Europe/Berlin] Request: GET, Action: get_public
[04-Jun-2026 11:06:34 Europe/Berlin] Request: GET, Action: get_public
[04-Jun-2026 11:06:36 Europe/Berlin] Request: GET, Action: get_public
[04-Jun-2026 11:09:35 Europe/Berlin] Request: GET, Action: get_public
[04-Jun-2026 11:09:50 Europe/Berlin] Request: GET, Action: get_public
[04-Jun-2026 11:09:59 Europe/Berlin] Request: GET, Action: get_public
[04-Jun-2026 11:10:04 Europe/Berlin] Request: GET, Action: get_public
[04-Jun-2026 11:10:40 Europe/Berlin] Request: GET, Action: get_public
[04-Jun-2026 11:10:43 Europe/Berlin] Request: GET, Action: get_public
[04-Jun-2026 11:11:08 Europe/Berlin] Request: GET, Action: get_public
[04-Jun-2026 11:14:04 Europe/Berlin] Request: GET, Action: get_public
[04-Jun-2026 11:14:04 Europe/Berlin] Request: GET, Action: get_public
[04-Jun-2026 11:14:30 Europe/Berlin] Request: GET, Action: get_public
[04-Jun-2026 11:14:30 Europe/Berlin] Request: GET, Action: get_public
[04-Jun-2026 11:15:02 Europe/Berlin] Request: GET, Action: get_public
[04-Jun-2026 11:18:24 Europe/Berlin] Request: GET, Action: get_public
[04-Jun-2026 11:18:24 Europe/Berlin] Request: GET, Action: get_public
[04-Jun-2026 11:18:46 Europe/Berlin] Request: GET, Action: get
[04-Jun-2026 11:18:46 Europe/Berlin] Request: GET, Action: get
[04-Jun-2026 11:18:46 Europe/Berlin] Request: GET, Action: get
[04-Jun-2026 11:20:10 Europe/Berlin] Request: GET, Action: get
[04-Jun-2026 11:20:13 Europe/Berlin] Request: GET, Action: get_public
[04-Jun-2026 11:20:14 Europe/Berlin] Request: GET, Action: get_public
[04-Jun-2026 11:21:21 Europe/Berlin] Request: GET, Action: get
[04-Jun-2026 11:21:24 Europe/Berlin] Request: GET, Action: get_public
[04-Jun-2026 11:21:26 Europe/Berlin] Request: GET, Action: get_public
[04-Jun-2026 11:22:28 Europe/Berlin] Request: GET, Action: get_public
[04-Jun-2026 11:27:07 Europe/Berlin] Request: GET, Action: get
[04-Jun-2026 11:27:39 Europe/Berlin] Request: GET, Action: get
[04-Jun-2026 11:27:42 Europe/Berlin] Request: GET, Action: get_public
[04-Jun-2026 11:29:12 Europe/Berlin] Request: GET, Action: get
[04-Jun-2026 11:29:53 Europe/Berlin] Request: GET, Action: get
[04-Jun-2026 12:03:32 Europe/Berlin] Request: GET, Action: get
[04-Jun-2026 12:03:41 Europe/Berlin] Request: GET, Action: get_public
[04-Jun-2026 12:03:42 Europe/Berlin] Request: GET, Action: get_public
[04-Jun-2026 12:06:39 Europe/Berlin] Request: GET, Action: get_public
[04-Jun-2026 12:06:42 Europe/Berlin] Request: GET, Action: get_public
[04-Jun-2026 12:07:38 Europe/Berlin] Request: GET, Action: get_public
[04-Jun-2026 12:11:27 Europe/Berlin] Request: GET, Action: get
[04-Jun-2026 12:15:21 Europe/Berlin] Request: GET, Action: get
[04-Jun-2026 12:16:14 Europe/Berlin] Request: GET, Action: get
[04-Jun-2026 12:17:05 Europe/Berlin] Request: GET, Action: get_public
[04-Jun-2026 12:17:08 Europe/Berlin] Request: GET, Action: get_public
[04-Jun-2026 12:22:42 Europe/Berlin] Request: GET, Action: get
[04-Jun-2026 12:22:47 Europe/Berlin] Request: GET, Action: get
[04-Jun-2026 12:22:54 Europe/Berlin] Request: GET, Action: get
[04-Jun-2026 12:23:04 Europe/Berlin] Request: GET, Action: get
[04-Jun-2026 12:33:21 Europe/Berlin] Request: GET, Action: get
[04-Jun-2026 12:33:21 Europe/Berlin] Request: GET, Action: get
[04-Jun-2026 12:42:25 Europe/Berlin] Request: GET, Action: get
[04-Jun-2026 12:42:25 Europe/Berlin] Request: GET, Action: get
[04-Jun-2026 13:06:02 Europe/Berlin] Request: GET, Action: get
[04-Jun-2026 13:06:02 Europe/Berlin] Request: GET, Action: get
[04-Jun-2026 13:29:34 Europe/Berlin] Request: GET, Action: get
[04-Jun-2026 13:37:35 Europe/Berlin] Request: GET, Action: get
[04-Jun-2026 13:37:40 Europe/Berlin] Request: GET, Action: get_public
[04-Jun-2026 13:41:00 Europe/Berlin] Request: GET, Action: get
[04-Jun-2026 13:41:06 Europe/Berlin] Request: GET, Action: get
[04-Jun-2026 13:43:41 Europe/Berlin] Request: GET, Action: get
[04-Jun-2026 14:47:27 Europe/Berlin] Request: GET, Action: get
[04-Jun-2026 14:47:27 Europe/Berlin] Request: GET, Action: get
[05-Jun-2026 10:11:10 Europe/Berlin] Request: GET, Action: get
[05-Jun-2026 10:46:25 Europe/Berlin] Request: GET, Action: get
[05-Jun-2026 10:46:25 Europe/Berlin] Request: GET, Action: get
[05-Jun-2026 10:53:50 Europe/Berlin] Request: GET, Action: get
[05-Jun-2026 10:53:56 Europe/Berlin] Request: GET, Action: get
[05-Jun-2026 10:54:01 Europe/Berlin] Request: GET, Action: get
[05-Jun-2026 10:54:09 Europe/Berlin] Request: GET, Action: get
[05-Jun-2026 10:54:19 Europe/Berlin] Request: GET, Action: get
[05-Jun-2026 10:54:28 Europe/Berlin] Request: GET, Action: get
[05-Jun-2026 10:54:38 Europe/Berlin] Request: GET, Action: get
[05-Jun-2026 10:54:45 Europe/Berlin] Request: GET, Action: get
[05-Jun-2026 10:54:53 Europe/Berlin] Request: GET, Action: get
[05-Jun-2026 10:55:00 Europe/Berlin] Request: GET, Action: get
[05-Jun-2026 11:09:47 Europe/Berlin] Request: GET, Action: get
[05-Jun-2026 11:09:53 Europe/Berlin] Request: GET, Action: get
[05-Jun-2026 16:27:27 Europe/Berlin] Request: GET, Action: get
[05-Jun-2026 16:27:54 Europe/Berlin] Request: GET, Action: get_public
[05-Jun-2026 16:28:04 Europe/Berlin] Request: GET, Action: get_public
[05-Jun-2026 16:28:52 Europe/Berlin] Request: GET, Action: get
[05-Jun-2026 16:28:52 Europe/Berlin] Request: GET, Action: get
[05-Jun-2026 17:10:42 Europe/Berlin] Request: GET, Action: get
[05-Jun-2026 17:12:16 Europe/Berlin] Request: GET, Action: get
[05-Jun-2026 17:12:28 Europe/Berlin] Request: GET, Action: get
[05-Jun-2026 17:12:48 Europe/Berlin] Request: GET, Action: get
[05-Jun-2026 17:13:29 Europe/Berlin] Request: GET, Action: get
[05-Jun-2026 17:13:59 Europe/Berlin] Request: GET, Action: get
[06-Jun-2026 11:28:01 Europe/Berlin] Request: GET, Action: get
[06-Jun-2026 11:28:40 Europe/Berlin] Request: GET, Action: get
[06-Jun-2026 11:28:40 Europe/Berlin] Request: GET, Action: get
[10-Jun-2026 11:17:48 Europe/Berlin] Request: GET, Action: get
[10-Jun-2026 11:17:48 Europe/Berlin] Request: GET, Action: get
[10-Jun-2026 11:18:04 Europe/Berlin] Request: GET, Action: get
[10-Jun-2026 11:18:04 Europe/Berlin] Request: GET, Action: get
[10-Jun-2026 12:58:29 Europe/Berlin] Request: GET, Action: get
[10-Jun-2026 12:58:29 Europe/Berlin] Request: GET, Action: get
[10-Jun-2026 12:58:42 Europe/Berlin] Request: GET, Action: get
[10-Jun-2026 12:58:42 Europe/Berlin] Request: GET, Action: get
[10-Jun-2026 12:59:24 Europe/Berlin] Request: GET, Action: get
[10-Jun-2026 12:59:24 Europe/Berlin] Request: GET, Action: get
[10-Jun-2026 13:02:12 Europe/Berlin] Request: GET, Action: get
[10-Jun-2026 13:02:24 Europe/Berlin] Request: GET, Action: get_public
[10-Jun-2026 13:02:30 Europe/Berlin] Request: GET, Action: get_public
[10-Jun-2026 14:41:35 Europe/Berlin] Request: GET, Action: get
[10-Jun-2026 14:41:35 Europe/Berlin] Request: GET, Action: get
[10-Jun-2026 14:49:09 Europe/Berlin] Request: GET, Action: get
[10-Jun-2026 14:49:09 Europe/Berlin] Request: GET, Action: get
[10-Jun-2026 15:01:24 Europe/Berlin] Request: GET, Action: get
[10-Jun-2026 15:23:31 Europe/Berlin] Request: GET, Action: get
[10-Jun-2026 15:23:31 Europe/Berlin] Request: GET, Action: get
[10-Jun-2026 15:27:38 Europe/Berlin] Request: GET, Action: get
[10-Jun-2026 15:27:45 Europe/Berlin] Request: GET, Action: get
[10-Jun-2026 15:27:52 Europe/Berlin] Request: GET, Action: get
[10-Jun-2026 15:27:59 Europe/Berlin] Request: GET, Action: get
[10-Jun-2026 15:28:19 Europe/Berlin] Request: GET, Action: get
[10-Jun-2026 15:28:19 Europe/Berlin] Request: GET, Action: get
[10-Jun-2026 15:31:25 Europe/Berlin] Request: GET, Action: get
[10-Jun-2026 15:42:58 Europe/Berlin] Request: GET, Action: get
[10-Jun-2026 15:42:58 Europe/Berlin] Request: GET, Action: get
[10-Jun-2026 15:43:45 Europe/Berlin] Request: GET, Action: get
[10-Jun-2026 15:43:45 Europe/Berlin] Request: GET, Action: get
[10-Jun-2026 15:44:01 Europe/Berlin] Request: GET, Action: get
[10-Jun-2026 15:48:25 Europe/Berlin] Request: GET, Action: get
[10-Jun-2026 15:48:25 Europe/Berlin] Request: GET, Action: get
[10-Jun-2026 15:49:16 Europe/Berlin] Request: GET, Action: get
[10-Jun-2026 15:49:16 Europe/Berlin] Request: GET, Action: get
[10-Jun-2026 16:11:06 Europe/Berlin] Request: GET, Action: get
[10-Jun-2026 16:11:06 Europe/Berlin] Request: GET, Action: get
[14-Jun-2026 04:41:21 Europe/Berlin] Request: GET, Action: get
[14-Jun-2026 04:41:21 Europe/Berlin] Request: GET, Action: get
[14-Jun-2026 04:41:29 Europe/Berlin] Request: GET, Action: get
[14-Jun-2026 04:41:29 Europe/Berlin] Request: GET, Action: get
[14-Jun-2026 04:50:07 Europe/Berlin] Request: GET, Action: get
[14-Jun-2026 04:50:07 Europe/Berlin] Request: GET, Action: get
[14-Jun-2026 06:04:07 Europe/Berlin] Request: GET, Action: get
[14-Jun-2026 06:04:07 Europe/Berlin] Request: GET, Action: get
[14-Jun-2026 06:07:08 Europe/Berlin] Request: GET, Action: get
[14-Jun-2026 06:07:08 Europe/Berlin] Request: GET, Action: get
[14-Jun-2026 08:35:50 Europe/Berlin] Request: GET, Action: get
[14-Jun-2026 08:35:50 Europe/Berlin] Request: GET, Action: get
[14-Jun-2026 08:42:17 Europe/Berlin] Request: GET, Action: get
[14-Jun-2026 08:42:17 Europe/Berlin] Request: GET, Action: get
[14-Jun-2026 08:43:13 Europe/Berlin] Request: GET, Action: get
[14-Jun-2026 08:43:13 Europe/Berlin] Request: GET, Action: get
[14-Jun-2026 08:45:59 Europe/Berlin] Request: GET, Action: get
[14-Jun-2026 08:50:26 Europe/Berlin] Request: GET, Action: get
[14-Jun-2026 08:58:59 Europe/Berlin] Request: GET, Action: get
[14-Jun-2026 09:03:12 Europe/Berlin] Request: GET, Action: get
[14-Jun-2026 09:03:46 Europe/Berlin] Request: GET, Action: get_public
[14-Jun-2026 09:05:34 Europe/Berlin] Request: GET, Action: get
[14-Jun-2026 09:05:39 Europe/Berlin] Request: GET, Action: get_public
[14-Jun-2026 09:05:40 Europe/Berlin] Request: GET, Action: get_public
[14-Jun-2026 09:05:44 Europe/Berlin] Request: GET, Action: get_public
[14-Jun-2026 09:05:54 Europe/Berlin] Request: GET, Action: get_public
[14-Jun-2026 09:06:00 Europe/Berlin] Request: GET, Action: get_public
[14-Jun-2026 09:06:24 Europe/Berlin] Request: GET, Action: get_public
[14-Jun-2026 09:07:06 Europe/Berlin] Request: GET, Action: get_public
[14-Jun-2026 09:07:12 Europe/Berlin] Request: GET, Action: get_public
[14-Jun-2026 09:08:04 Europe/Berlin] Request: GET, Action: get_public
[14-Jun-2026 09:14:10 Europe/Berlin] Request: GET, Action: get
[14-Jun-2026 09:14:18 Europe/Berlin] Request: GET, Action: get_public
[14-Jun-2026 09:14:19 Europe/Berlin] Request: GET, Action: get_public
[14-Jun-2026 09:14:28 Europe/Berlin] Request: GET, Action: get_public
[14-Jun-2026 09:14:34 Europe/Berlin] Request: GET, Action: get_public
[14-Jun-2026 09:17:15 Europe/Berlin] Request: GET, Action: get
[14-Jun-2026 09:30:21 Europe/Berlin] Request: GET, Action: get
[14-Jun-2026 09:30:51 Europe/Berlin] Request: GET, Action: get_public
[14-Jun-2026 09:30:54 Europe/Berlin] Request: GET, Action: get_public
[14-Jun-2026 10:23:34 Europe/Berlin] Request: GET, Action: get
[14-Jun-2026 10:23:34 Europe/Berlin] Request: GET, Action: get
[14-Jun-2026 10:25:32 Europe/Berlin] Request: GET, Action: get
[14-Jun-2026 10:25:32 Europe/Berlin] Request: GET, Action: get
[14-Jun-2026 10:28:53 Europe/Berlin] Request: GET, Action: get
[14-Jun-2026 10:28:53 Europe/Berlin] Request: GET, Action: get
[14-Jun-2026 10:31:49 Europe/Berlin] Request: GET, Action: get
[14-Jun-2026 10:37:41 Europe/Berlin] Request: GET, Action: get
[14-Jun-2026 10:37:41 Europe/Berlin] Request: GET, Action: get
[14-Jun-2026 10:39:27 Europe/Berlin] Request: GET, Action: get
[14-Jun-2026 10:39:27 Europe/Berlin] Request: GET, Action: get
[14-Jun-2026 16:01:04 Europe/Berlin] Request: GET, Action: get
[14-Jun-2026 16:01:04 Europe/Berlin] Request: GET, Action: get
[14-Jun-2026 16:04:53 Europe/Berlin] Request: GET, Action: get
[14-Jun-2026 16:04:53 Europe/Berlin] Request: GET, Action: get
[14-Jun-2026 16:31:38 Europe/Berlin] Request: GET, Action: get
[14-Jun-2026 16:31:38 Europe/Berlin] Request: GET, Action: get
[15-Jun-2026 07:53:24 Europe/Berlin] Request: GET, Action: get
[15-Jun-2026 07:53:24 Europe/Berlin] Request: GET, Action: get
[15-Jun-2026 08:02:46 Europe/Berlin] Request: GET, Action: get
[15-Jun-2026 08:03:25 Europe/Berlin] Request: GET, Action: get_public
[15-Jun-2026 08:03:36 Europe/Berlin] Request: GET, Action: get_public
[15-Jun-2026 09:33:54 Europe/Berlin] Request: GET, Action: get
[15-Jun-2026 09:34:02 Europe/Berlin] Request: GET, Action: get_public
[15-Jun-2026 09:34:08 Europe/Berlin] Request: GET, Action: get_public
[15-Jun-2026 09:34:13 Europe/Berlin] Request: GET, Action: get_public
[15-Jun-2026 09:34:16 Europe/Berlin] Request: GET, Action: get_public
[15-Jun-2026 09:35:56 Europe/Berlin] Request: GET, Action: get_public
[15-Jun-2026 09:36:05 Europe/Berlin] Request: GET, Action: get_public
[15-Jun-2026 09:37:46 Europe/Berlin] Request: GET, Action: get
[15-Jun-2026 09:38:25 Europe/Berlin] Request: GET, Action: get
[15-Jun-2026 09:39:29 Europe/Berlin] Request: GET, Action: get_public
[15-Jun-2026 09:39:34 Europe/Berlin] Request: GET, Action: get_public
[15-Jun-2026 09:39:57 Europe/Berlin] Request: GET, Action: get_public
[15-Jun-2026 09:42:40 Europe/Berlin] Request: GET, Action: get
[15-Jun-2026 09:42:40 Europe/Berlin] Request: GET, Action: get
[15-Jun-2026 09:48:31 Europe/Berlin] Request: GET, Action: get
[15-Jun-2026 09:57:10 Europe/Berlin] Request: GET, Action: get
[15-Jun-2026 10:06:25 Europe/Berlin] Request: GET, Action: get
[15-Jun-2026 10:15:37 Europe/Berlin] Request: GET, Action: get
[15-Jun-2026 10:16:47 Europe/Berlin] Request: GET, Action: get
[15-Jun-2026 10:23:21 Europe/Berlin] Request: GET, Action: get
[15-Jun-2026 10:23:21 Europe/Berlin] Request: GET, Action: get
[15-Jun-2026 10:35:52 Europe/Berlin] Request: GET, Action: get
[15-Jun-2026 10:35:52 Europe/Berlin] Request: GET, Action: get
[15-Jun-2026 10:39:44 Europe/Berlin] Request: GET, Action: get
[15-Jun-2026 10:39:53 Europe/Berlin] Request: GET, Action: get_public
[15-Jun-2026 10:39:56 Europe/Berlin] Request: GET, Action: get_public
[15-Jun-2026 10:46:05 Europe/Berlin] Request: GET, Action: get_public
[15-Jun-2026 10:46:08 Europe/Berlin] Request: GET, Action: get_public
[15-Jun-2026 10:47:04 Europe/Berlin] Request: GET, Action: get_public
[15-Jun-2026 10:47:51 Europe/Berlin] Request: GET, Action: get_public
[15-Jun-2026 14:40:48 Europe/Berlin] Request: GET, Action: get
[15-Jun-2026 14:40:48 Europe/Berlin] Request: GET, Action: get
[15-Jun-2026 14:44:33 Europe/Berlin] Request: GET, Action: get
[15-Jun-2026 14:44:38 Europe/Berlin] Request: GET, Action: get
[15-Jun-2026 14:44:45 Europe/Berlin] Request: GET, Action: get
[15-Jun-2026 14:44:51 Europe/Berlin] Request: GET, Action: get
[15-Jun-2026 14:44:56 Europe/Berlin] Request: GET, Action: get
[15-Jun-2026 14:45:02 Europe/Berlin] Request: GET, Action: get
[15-Jun-2026 14:45:10 Europe/Berlin] Request: GET, Action: get
[15-Jun-2026 14:45:18 Europe/Berlin] Request: GET, Action: get
[15-Jun-2026 14:56:05 Europe/Berlin] Request: GET, Action: get
[15-Jun-2026 14:56:05 Europe/Berlin] Request: GET, Action: get
[15-Jun-2026 15:15:45 Europe/Berlin] Request: GET, Action: get
[15-Jun-2026 15:16:48 Europe/Berlin] Request: GET, Action: get_public
[15-Jun-2026 15:16:50 Europe/Berlin] Request: GET, Action: get_public
[15-Jun-2026 15:49:36 Europe/Berlin] Request: GET, Action: get
[15-Jun-2026 16:21:38 Europe/Berlin] Request: GET, Action: get
[15-Jun-2026 16:27:01 Europe/Berlin] Request: GET, Action: get
[15-Jun-2026 16:27:13 Europe/Berlin] Request: GET, Action: get_public
[15-Jun-2026 16:27:21 Europe/Berlin] Request: GET, Action: get_public
[15-Jun-2026 16:28:00 Europe/Berlin] Request: GET, Action: get_public
[15-Jun-2026 16:30:02 Europe/Berlin] Request: GET, Action: get
[15-Jun-2026 16:30:02 Europe/Berlin] Request: GET, Action: get
[15-Jun-2026 16:32:50 Europe/Berlin] Request: GET, Action: get
[15-Jun-2026 16:33:00 Europe/Berlin] Request: GET, Action: get_public
[15-Jun-2026 16:33:03 Europe/Berlin] Request: GET, Action: get_public
[15-Jun-2026 16:33:31 Europe/Berlin] Request: GET, Action: get_public
[15-Jun-2026 16:33:39 Europe/Berlin] Request: GET, Action: get_public
[15-Jun-2026 16:33:52 Europe/Berlin] Request: GET, Action: get_public
[15-Jun-2026 16:34:04 Europe/Berlin] Request: GET, Action: get_public
[15-Jun-2026 16:35:53 Europe/Berlin] Request: GET, Action: get_public
[15-Jun-2026 16:41:49 Europe/Berlin] Request: GET, Action: get_public
[15-Jun-2026 16:41:52 Europe/Berlin] Request: GET, Action: get_public
[20-Jun-2026 15:10:55 Europe/Berlin] Request: GET, Action: get
[20-Jun-2026 15:17:23 Europe/Berlin] Request: GET, Action: get
[20-Jun-2026 20:30:28 Europe/Berlin] Request: GET, Action: get
[20-Jun-2026 20:33:37 Europe/Berlin] Request: GET, Action: get
[20-Jun-2026 20:43:41 Europe/Berlin] Request: GET, Action: get
[20-Jun-2026 20:43:41 Europe/Berlin] Request: GET, Action: get
[20-Jun-2026 21:04:25 Europe/Berlin] Request: GET, Action: get
[20-Jun-2026 21:04:25 Europe/Berlin] Request: GET, Action: get
[20-Jun-2026 21:06:17 Europe/Berlin] Request: GET, Action: get
[20-Jun-2026 21:06:36 Europe/Berlin] Request: GET, Action: get_public
[20-Jun-2026 21:07:53 Europe/Berlin] Request: GET, Action: get
[20-Jun-2026 21:11:39 Europe/Berlin] Request: GET, Action: get
[20-Jun-2026 21:11:39 Europe/Berlin] Request: GET, Action: get
[21-Jun-2026 16:44:16 Europe/Berlin] Request: GET, Action: get
[21-Jun-2026 16:48:52 Europe/Berlin] Request: GET, Action: get
[21-Jun-2026 16:48:58 Europe/Berlin] Request: GET, Action: get
[21-Jun-2026 16:49:16 Europe/Berlin] Request: GET, Action: get
[21-Jun-2026 16:49:25 Europe/Berlin] Request: GET, Action: get
[21-Jun-2026 16:55:40 Europe/Berlin] Request: GET, Action: get
[21-Jun-2026 16:59:06 Europe/Berlin] Request: GET, Action: get_public
[21-Jun-2026 17:00:38 Europe/Berlin] Request: GET, Action: get_public
[21-Jun-2026 17:01:11 Europe/Berlin] Request: GET, Action: get
[21-Jun-2026 17:01:19 Europe/Berlin] Request: GET, Action: get
[21-Jun-2026 17:01:27 Europe/Berlin] Request: GET, Action: get
[21-Jun-2026 17:02:18 Europe/Berlin] Request: GET, Action: get
[21-Jun-2026 17:02:39 Europe/Berlin] Request: GET, Action: get
[21-Jun-2026 17:02:42 Europe/Berlin] Request: GET, Action: get
[21-Jun-2026 17:03:09 Europe/Berlin] Request: GET, Action: get
[21-Jun-2026 17:03:21 Europe/Berlin] Request: GET, Action: get
[21-Jun-2026 17:07:38 Europe/Berlin] Request: GET, Action: get_public
[21-Jun-2026 17:10:14 Europe/Berlin] Request: GET, Action: get_public
[21-Jun-2026 17:12:10 Europe/Berlin] Request: GET, Action: get_public
[21-Jun-2026 17:12:26 Europe/Berlin] Request: GET, Action: get_public
[21-Jun-2026 17:14:17 Europe/Berlin] Request: GET, Action: get_public
[21-Jun-2026 17:15:46 Europe/Berlin] Request: GET, Action: get_public
[21-Jun-2026 17:16:12 Europe/Berlin] Request: GET, Action: get_public
[21-Jun-2026 17:16:34 Europe/Berlin] Request: GET, Action: get_public
[21-Jun-2026 17:19:34 Europe/Berlin] Request: GET, Action: get_public
[21-Jun-2026 17:20:04 Europe/Berlin] Request: GET, Action: get_public
[21-Jun-2026 17:24:25 Europe/Berlin] Request: GET, Action: get_public
[21-Jun-2026 17:25:12 Europe/Berlin] Request: GET, Action: get_public
[21-Jun-2026 17:25:12 Europe/Berlin] Request: GET, Action: get_public
[21-Jun-2026 17:31:00 Europe/Berlin] Request: GET, Action: get_public
[21-Jun-2026 17:31:08 Europe/Berlin] Request: GET, Action: get_public
[21-Jun-2026 17:31:30 Europe/Berlin] Request: GET, Action: get_public
[21-Jun-2026 17:31:56 Europe/Berlin] Request: GET, Action: get_public
[21-Jun-2026 17:38:16 Europe/Berlin] Request: GET, Action: get_public
[21-Jun-2026 17:38:28 Europe/Berlin] Request: GET, Action: get_public
[21-Jun-2026 17:38:58 Europe/Berlin] Request: GET, Action: get_public
[21-Jun-2026 17:39:30 Europe/Berlin] Request: GET, Action: get_public
[21-Jun-2026 17:45:08 Europe/Berlin] Request: GET, Action: get_public
[21-Jun-2026 17:46:30 Europe/Berlin] Request: GET, Action: get_public
[21-Jun-2026 18:00:22 Europe/Berlin] Request: GET, Action: get_public
[21-Jun-2026 18:00:30 Europe/Berlin] Request: GET, Action: get_public
[21-Jun-2026 18:01:46 Europe/Berlin] Request: GET, Action: get_public
[21-Jun-2026 18:01:52 Europe/Berlin] Request: GET, Action: get_public
[21-Jun-2026 18:07:08 Europe/Berlin] Request: GET, Action: get_public
[21-Jun-2026 18:07:12 Europe/Berlin] Request: GET, Action: get_public
[21-Jun-2026 18:30:18 Europe/Berlin] Request: GET, Action: get_public
[21-Jun-2026 18:30:25 Europe/Berlin] Request: GET, Action: get_public
[21-Jun-2026 18:46:47 Europe/Berlin] Request: GET, Action: get_public
[21-Jun-2026 18:48:32 Europe/Berlin] Request: GET, Action: get_public
[21-Jun-2026 19:02:05 Europe/Berlin] Request: GET, Action: get_public
[21-Jun-2026 19:02:11 Europe/Berlin] Request: GET, Action: get_public
[21-Jun-2026 19:02:34 Europe/Berlin] Request: GET, Action: get_public
[21-Jun-2026 19:05:24 Europe/Berlin] Request: GET, Action: get_public
[21-Jun-2026 19:06:47 Europe/Berlin] Request: GET, Action: get_public
[21-Jun-2026 19:06:54 Europe/Berlin] Request: GET, Action: get_public
[21-Jun-2026 19:24:11 Europe/Berlin] Request: GET, Action: get_public
[21-Jun-2026 19:24:29 Europe/Berlin] Request: GET, Action: get_public
[21-Jun-2026 19:26:51 Europe/Berlin] Request: GET, Action: get_public
[21-Jun-2026 19:27:27 Europe/Berlin] Request: GET, Action: get_public
[21-Jun-2026 19:35:03 Europe/Berlin] Request: GET, Action: get_public
[21-Jun-2026 19:35:09 Europe/Berlin] Request: GET, Action: get_public
[21-Jun-2026 19:37:08 Europe/Berlin] Request: GET, Action: get_public
[21-Jun-2026 19:37:15 Europe/Berlin] Request: GET, Action: get_public
[21-Jun-2026 19:39:21 Europe/Berlin] Request: GET, Action: get_public
[21-Jun-2026 19:39:34 Europe/Berlin] Request: GET, Action: get_public
[22-Jun-2026 07:22:33 Europe/Berlin] Request: GET, Action: get_public
[22-Jun-2026 07:22:35 Europe/Berlin] Request: GET, Action: get_public
[22-Jun-2026 07:23:03 Europe/Berlin] Request: GET, Action: get_public
[22-Jun-2026 07:23:12 Europe/Berlin] Request: GET, Action: get_public
[22-Jun-2026 07:23:31 Europe/Berlin] Request: GET, Action: get_public
[22-Jun-2026 07:23:34 Europe/Berlin] Request: GET, Action: get_public
[22-Jun-2026 07:23:50 Europe/Berlin] Request: GET, Action: get_public
[22-Jun-2026 07:39:39 Europe/Berlin] Request: GET, Action: get
[22-Jun-2026 07:39:39 Europe/Berlin] Request: GET, Action: get
[22-Jun-2026 07:39:52 Europe/Berlin] Request: GET, Action: get
[22-Jun-2026 07:40:02 Europe/Berlin] Request: GET, Action: get
[22-Jun-2026 07:40:12 Europe/Berlin] Request: GET, Action: get
[22-Jun-2026 07:40:18 Europe/Berlin] Request: GET, Action: get
[22-Jun-2026 07:40:45 Europe/Berlin] Request: GET, Action: get
[22-Jun-2026 07:40:50 Europe/Berlin] Request: GET, Action: get
[22-Jun-2026 07:41:00 Europe/Berlin] Request: GET, Action: get
[22-Jun-2026 07:46:39 Europe/Berlin] Request: GET, Action: get
[22-Jun-2026 07:46:39 Europe/Berlin] Request: GET, Action: get
[22-Jun-2026 07:47:43 Europe/Berlin] Request: GET, Action: get
[22-Jun-2026 07:47:43 Europe/Berlin] Request: GET, Action: get
[22-Jun-2026 07:55:42 Europe/Berlin] Request: GET, Action: get
[22-Jun-2026 07:55:42 Europe/Berlin] Request: GET, Action: get
[22-Jun-2026 07:56:08 Europe/Berlin] Request: GET, Action: get
[22-Jun-2026 07:56:08 Europe/Berlin] Request: GET, Action: get
[22-Jun-2026 07:57:21 Europe/Berlin] Request: GET, Action: get
[22-Jun-2026 07:57:21 Europe/Berlin] Request: GET, Action: get
[22-Jun-2026 07:57:46 Europe/Berlin] Request: GET, Action: get
[22-Jun-2026 07:57:46 Europe/Berlin] Request: GET, Action: get
[22-Jun-2026 07:59:25 Europe/Berlin] Request: GET, Action: get
[22-Jun-2026 08:01:44 Europe/Berlin] Request: GET, Action: get
[22-Jun-2026 08:01:44 Europe/Berlin] Request: GET, Action: get
[22-Jun-2026 08:02:41 Europe/Berlin] Request: GET, Action: get
[22-Jun-2026 08:02:41 Europe/Berlin] Request: GET, Action: get
[22-Jun-2026 08:04:30 Europe/Berlin] Request: GET, Action: get
[22-Jun-2026 08:04:30 Europe/Berlin] Request: GET, Action: get
[22-Jun-2026 08:05:52 Europe/Berlin] Request: GET, Action: get
[22-Jun-2026 08:05:52 Europe/Berlin] Request: GET, Action: get
[22-Jun-2026 09:00:40 Europe/Berlin] Request: GET, Action: get
[22-Jun-2026 09:00:40 Europe/Berlin] Request: GET, Action: get
[22-Jun-2026 09:00:51 Europe/Berlin] Request: GET, Action: get
[22-Jun-2026 09:00:51 Europe/Berlin] Request: GET, Action: get
[22-Jun-2026 09:16:10 Europe/Berlin] Request: GET, Action: get
[22-Jun-2026 09:16:10 Europe/Berlin] Request: GET, Action: get
[22-Jun-2026 09:19:11 Europe/Berlin] Request: GET, Action: get
[22-Jun-2026 09:19:11 Europe/Berlin] Request: GET, Action: get
[22-Jun-2026 09:45:02 Europe/Berlin] Request: GET, Action: get
[22-Jun-2026 09:45:02 Europe/Berlin] Request: GET, Action: get
[22-Jun-2026 09:47:57 Europe/Berlin] Request: GET, Action: get
[22-Jun-2026 09:50:35 Europe/Berlin] Request: GET, Action: get
[22-Jun-2026 09:50:35 Europe/Berlin] Request: GET, Action: get
[22-Jun-2026 09:53:33 Europe/Berlin] Request: GET, Action: get
[22-Jun-2026 09:53:41 Europe/Berlin] Request: GET, Action: get
[22-Jun-2026 09:53:53 Europe/Berlin] Request: GET, Action: get
[22-Jun-2026 09:56:14 Europe/Berlin] Request: GET, Action: get
[22-Jun-2026 09:56:14 Europe/Berlin] Request: GET, Action: get
[22-Jun-2026 10:01:45 Europe/Berlin] Request: GET, Action: get
[22-Jun-2026 10:04:44 Europe/Berlin] Request: GET, Action: get
[22-Jun-2026 10:04:44 Europe/Berlin] Request: GET, Action: get
[22-Jun-2026 10:06:31 Europe/Berlin] Request: GET, Action: get
[22-Jun-2026 10:06:47 Europe/Berlin] Request: GET, Action: get
[22-Jun-2026 10:09:18 Europe/Berlin] Request: GET, Action: get
[22-Jun-2026 10:09:18 Europe/Berlin] Request: GET, Action: get
[22-Jun-2026 10:10:10 Europe/Berlin] Request: GET, Action: get
[22-Jun-2026 10:15:44 Europe/Berlin] Request: GET, Action: get
[22-Jun-2026 10:18:02 Europe/Berlin] Request: GET, Action: get
[22-Jun-2026 10:21:42 Europe/Berlin] Request: GET, Action: get
[22-Jun-2026 10:25:36 Europe/Berlin] Request: GET, Action: get
[22-Jun-2026 10:29:18 Europe/Berlin] Request: GET, Action: get
[22-Jun-2026 10:30:38 Europe/Berlin] Request: GET, Action: get
[22-Jun-2026 10:30:38 Europe/Berlin] Request: GET, Action: get
[22-Jun-2026 10:36:30 Europe/Berlin] Request: GET, Action: get
[22-Jun-2026 10:36:33 Europe/Berlin] Request: GET, Action: get
[22-Jun-2026 10:41:10 Europe/Berlin] Request: GET, Action: get
[22-Jun-2026 10:41:10 Europe/Berlin] Request: GET, Action: get
[22-Jun-2026 10:45:22 Europe/Berlin] Request: GET, Action: get
[22-Jun-2026 10:45:51 Europe/Berlin] Request: GET, Action: get
[22-Jun-2026 10:45:51 Europe/Berlin] Request: GET, Action: get
[22-Jun-2026 10:58:53 Europe/Berlin] Request: GET, Action: get
[22-Jun-2026 10:58:53 Europe/Berlin] Request: GET, Action: get
[22-Jun-2026 11:01:08 Europe/Berlin] Request: GET, Action: get
[22-Jun-2026 11:01:09 Europe/Berlin] Request: GET, Action: get
[22-Jun-2026 11:24:42 Europe/Berlin] Request: GET, Action: get
[22-Jun-2026 11:24:42 Europe/Berlin] Request: GET, Action: get
[22-Jun-2026 11:30:24 Europe/Berlin] Request: GET, Action: get
[22-Jun-2026 11:30:26 Europe/Berlin] Request: GET, Action: get
[22-Jun-2026 11:32:31 Europe/Berlin] Request: GET, Action: get
[22-Jun-2026 11:32:31 Europe/Berlin] Request: GET, Action: get
[22-Jun-2026 11:42:21 Europe/Berlin] Request: GET, Action: get
[22-Jun-2026 11:42:21 Europe/Berlin] Request: GET, Action: get
[22-Jun-2026 11:48:22 Europe/Berlin] Request: GET, Action: get
[22-Jun-2026 11:49:57 Europe/Berlin] Request: GET, Action: get
[22-Jun-2026 11:49:57 Europe/Berlin] Request: GET, Action: get
[22-Jun-2026 11:52:08 Europe/Berlin] Request: GET, Action: get
[22-Jun-2026 11:52:38 Europe/Berlin] Request: GET, Action: get
[22-Jun-2026 11:52:38 Europe/Berlin] Request: GET, Action: get
[22-Jun-2026 11:53:32 Europe/Berlin] Request: GET, Action: get
[22-Jun-2026 11:53:32 Europe/Berlin] Request: GET, Action: get
[22-Jun-2026 12:07:05 Europe/Berlin] Request: GET, Action: get
[22-Jun-2026 12:07:05 Europe/Berlin] Request: GET, Action: get
[22-Jun-2026 12:19:37 Europe/Berlin] Request: GET, Action: get
[22-Jun-2026 12:21:02 Europe/Berlin] Request: GET, Action: get
[22-Jun-2026 12:21:02 Europe/Berlin] Request: GET, Action: get
[22-Jun-2026 12:35:04 Europe/Berlin] Request: GET, Action: get
[22-Jun-2026 12:35:04 Europe/Berlin] Request: GET, Action: get
[22-Jun-2026 12:36:27 Europe/Berlin] Request: GET, Action: get
[22-Jun-2026 12:37:35 Europe/Berlin] Request: GET, Action: get
[22-Jun-2026 12:37:35 Europe/Berlin] Request: GET, Action: get
[22-Jun-2026 12:37:43 Europe/Berlin] Request: GET, Action: get
[22-Jun-2026 12:37:43 Europe/Berlin] Request: GET, Action: get
[22-Jun-2026 13:01:26 Europe/Berlin] Request: GET, Action: get
[22-Jun-2026 13:01:26 Europe/Berlin] Request: GET, Action: get
[23-Jun-2026 16:23:56 Europe/Berlin] Request: GET, Action: get
[23-Jun-2026 16:23:56 Europe/Berlin] Request: GET, Action: get
[23-Jun-2026 16:25:16 Europe/Berlin] Request: GET, Action: get_public
[23-Jun-2026 16:27:50 Europe/Berlin] Request: GET, Action: get_public
[23-Jun-2026 16:28:52 Europe/Berlin] Request: GET, Action: get_public
[23-Jun-2026 16:28:57 Europe/Berlin] Request: GET, Action: get_public
[23-Jun-2026 16:29:49 Europe/Berlin] Request: GET, Action: get_public
[23-Jun-2026 16:35:33 Europe/Berlin] Request: GET, Action: get_public
[23-Jun-2026 16:35:35 Europe/Berlin] Request: GET, Action: get_public
[23-Jun-2026 16:35:36 Europe/Berlin] Request: GET, Action: get_public
[23-Jun-2026 16:35:36 Europe/Berlin] Request: GET, Action: get_public
[23-Jun-2026 16:35:46 Europe/Berlin] Request: GET, Action: get_public
[23-Jun-2026 16:35:52 Europe/Berlin] Request: GET, Action: get_public
[23-Jun-2026 16:37:22 Europe/Berlin] Request: GET, Action: get_public
[23-Jun-2026 16:41:54 Europe/Berlin] Request: GET, Action: get
[23-Jun-2026 16:41:54 Europe/Berlin] Request: GET, Action: get
[23-Jun-2026 16:43:02 Europe/Berlin] Request: GET, Action: get
[23-Jun-2026 16:43:02 Europe/Berlin] Request: GET, Action: get
[23-Jun-2026 16:53:23 Europe/Berlin] Request: GET, Action: get
[23-Jun-2026 16:53:23 Europe/Berlin] Request: GET, Action: get
[23-Jun-2026 16:55:52 Europe/Berlin] Request: GET, Action: get_public
[23-Jun-2026 16:56:52 Europe/Berlin] Request: GET, Action: get_public
[23-Jun-2026 17:00:38 Europe/Berlin] Request: GET, Action: get_public
[25-Jun-2026 06:09:53 Europe/Berlin] Request: GET, Action: get
[25-Jun-2026 06:09:53 Europe/Berlin] Request: GET, Action: get
[25-Jun-2026 07:09:04 Europe/Berlin] Request: GET, Action: get
[25-Jun-2026 07:09:04 Europe/Berlin] Request: GET, Action: get
[25-Jun-2026 07:13:26 Europe/Berlin] Request: GET, Action: get
[25-Jun-2026 07:14:51 Europe/Berlin] Request: GET, Action: get
[25-Jun-2026 07:22:01 Europe/Berlin] Request: GET, Action: get_public
[25-Jun-2026 07:23:14 Europe/Berlin] Request: GET, Action: get_public
[25-Jun-2026 07:33:45 Europe/Berlin] Request: GET, Action: get_public
[25-Jun-2026 07:34:09 Europe/Berlin] Request: GET, Action: get_public
[25-Jun-2026 07:34:26 Europe/Berlin] Request: GET, Action: get_public
[25-Jun-2026 07:34:56 Europe/Berlin] Request: GET, Action: get_public
[25-Jun-2026 07:37:24 Europe/Berlin] Request: GET, Action: get_public
[29-Jun-2026 09:19:29 Europe/Berlin] Request: GET, Action: get
[29-Jun-2026 09:19:29 Europe/Berlin] Request: GET, Action: get
[29-Jun-2026 09:23:27 Europe/Berlin] Request: GET, Action: get_public
[29-Jun-2026 09:23:42 Europe/Berlin] Request: GET, Action: get_public
[29-Jun-2026 09:24:16 Europe/Berlin] Request: GET, Action: get_public
[29-Jun-2026 09:55:26 Europe/Berlin] Request: GET, Action: get_public
[29-Jun-2026 09:57:49 Europe/Berlin] Request: GET, Action: get_public
[29-Jun-2026 09:57:56 Europe/Berlin] Request: GET, Action: get_public
[29-Jun-2026 10:01:55 Europe/Berlin] Request: GET, Action: get
[29-Jun-2026 10:01:55 Europe/Berlin] Request: GET, Action: get
[29-Jun-2026 10:16:58 Europe/Berlin] Request: GET, Action: get
[29-Jun-2026 10:16:58 Europe/Berlin] Request: GET, Action: get
[29-Jun-2026 10:21:59 Europe/Berlin] Request: GET, Action: get
[29-Jun-2026 10:30:49 Europe/Berlin] Request: GET, Action: get
[29-Jun-2026 10:30:49 Europe/Berlin] Request: GET, Action: get
[29-Jun-2026 10:32:57 Europe/Berlin] Request: GET, Action: get
[29-Jun-2026 10:32:57 Europe/Berlin] Request: GET, Action: get
[29-Jun-2026 10:34:03 Europe/Berlin] Request: GET, Action: get
[29-Jun-2026 10:34:19 Europe/Berlin] Request: GET, Action: get
[29-Jun-2026 10:35:46 Europe/Berlin] Request: GET, Action: get_public
[29-Jun-2026 10:37:31 Europe/Berlin] Request: GET, Action: get_public
[29-Jun-2026 10:37:32 Europe/Berlin] Request: GET, Action: get_public
[29-Jun-2026 10:38:21 Europe/Berlin] Request: GET, Action: get_public
[29-Jun-2026 10:42:21 Europe/Berlin] Request: GET, Action: get_public
[29-Jun-2026 10:56:54 Europe/Berlin] Request: GET, Action: get_public
[29-Jun-2026 11:01:43 Europe/Berlin] Request: GET, Action: get_public
[29-Jun-2026 14:01:28 Europe/Berlin] Request: GET, Action: get_public
[29-Jun-2026 14:01:54 Europe/Berlin] Request: GET, Action: get_public
[29-Jun-2026 14:05:45 Europe/Berlin] Request: GET, Action: get
[29-Jun-2026 14:05:45 Europe/Berlin] Request: GET, Action: get
[29-Jun-2026 14:05:49 Europe/Berlin] Request: GET, Action: get
[29-Jun-2026 14:06:06 Europe/Berlin] Request: GET, Action: get
[29-Jun-2026 14:06:36 Europe/Berlin] Request: GET, Action: get
[29-Jun-2026 14:06:36 Europe/Berlin] Request: GET, Action: get
[29-Jun-2026 14:07:48 Europe/Berlin] Request: GET, Action: get
[29-Jun-2026 14:07:48 Europe/Berlin] Request: GET, Action: get
[29-Jun-2026 14:08:19 Europe/Berlin] Request: GET, Action: get
[29-Jun-2026 14:08:54 Europe/Berlin] Request: GET, Action: get
[29-Jun-2026 14:08:54 Europe/Berlin] Request: GET, Action: get
[29-Jun-2026 14:16:45 Europe/Berlin] Request: GET, Action: get
[29-Jun-2026 14:16:45 Europe/Berlin] Request: GET, Action: get
[29-Jun-2026 14:20:16 Europe/Berlin] Request: GET, Action: get
[29-Jun-2026 14:23:23 Europe/Berlin] Request: GET, Action: get
[29-Jun-2026 14:23:38 Europe/Berlin] Request: GET, Action: get
[29-Jun-2026 14:24:03 Europe/Berlin] Request: GET, Action: get
[29-Jun-2026 14:24:55 Europe/Berlin] Request: GET, Action: get
[29-Jun-2026 14:27:26 Europe/Berlin] Request: GET, Action: get
[29-Jun-2026 14:28:38 Europe/Berlin] Request: GET, Action: get_public
[29-Jun-2026 14:28:58 Europe/Berlin] Request: GET, Action: get_public
[29-Jun-2026 14:31:22 Europe/Berlin] Request: GET, Action: get_public
[29-Jun-2026 14:34:05 Europe/Berlin] Request: GET, Action: get
[29-Jun-2026 14:34:05 Europe/Berlin] Request: GET, Action: get
[29-Jun-2026 14:39:13 Europe/Berlin] Request: GET, Action: get
[29-Jun-2026 14:42:00 Europe/Berlin] Request: GET, Action: get
[29-Jun-2026 14:44:10 Europe/Berlin] Request: GET, Action: get_public
[29-Jun-2026 14:44:28 Europe/Berlin] Request: GET, Action: get_public
[29-Jun-2026 14:48:47 Europe/Berlin] Request: GET, Action: get_public
[29-Jun-2026 14:54:42 Europe/Berlin] Request: GET, Action: get
[29-Jun-2026 14:54:42 Europe/Berlin] Request: GET, Action: get
[29-Jun-2026 14:57:54 Europe/Berlin] Request: GET, Action: get
[29-Jun-2026 14:57:54 Europe/Berlin] Request: GET, Action: get
[29-Jun-2026 14:58:14 Europe/Berlin] Request: GET, Action: get
[29-Jun-2026 14:59:28 Europe/Berlin] Request: GET, Action: get
[29-Jun-2026 15:06:30 Europe/Berlin] Request: GET, Action: get
[29-Jun-2026 15:06:59 Europe/Berlin] Request: GET, Action: get_public
[29-Jun-2026 15:07:51 Europe/Berlin] Request: GET, Action: get_public
[29-Jun-2026 15:09:11 Europe/Berlin] Request: GET, Action: get_public
[29-Jun-2026 15:09:18 Europe/Berlin] Request: GET, Action: get_public
[29-Jun-2026 15:11:08 Europe/Berlin] Request: GET, Action: get_public
[29-Jun-2026 15:13:05 Europe/Berlin] Request: GET, Action: get_public
[29-Jun-2026 15:13:33 Europe/Berlin] Request: GET, Action: get_public
[29-Jun-2026 15:14:20 Europe/Berlin] Request: GET, Action: get_public
[29-Jun-2026 15:18:32 Europe/Berlin] Request: GET, Action: get_public
[29-Jun-2026 15:18:43 Europe/Berlin] Request: GET, Action: get_public
[29-Jun-2026 15:19:41 Europe/Berlin] Request: GET, Action: get_public
[29-Jun-2026 17:18:24 Europe/Berlin] Request: GET, Action: get
[29-Jun-2026 17:18:24 Europe/Berlin] Request: GET, Action: get
[30-Jun-2026 09:04:54 Europe/Berlin] Request: GET, Action: get
[30-Jun-2026 09:04:54 Europe/Berlin] Request: GET, Action: get
[30-Jun-2026 09:08:45 Europe/Berlin] Request: GET, Action: get
[30-Jun-2026 09:09:27 Europe/Berlin] Request: GET, Action: get
[30-Jun-2026 09:16:42 Europe/Berlin] Request: GET, Action: get
[30-Jun-2026 09:16:42 Europe/Berlin] Request: GET, Action: get
[30-Jun-2026 09:16:50 Europe/Berlin] Request: GET, Action: get
[30-Jun-2026 09:19:25 Europe/Berlin] Request: GET, Action: get
[30-Jun-2026 09:19:37 Europe/Berlin] Request: GET, Action: get
[30-Jun-2026 09:19:49 Europe/Berlin] Request: GET, Action: get
[30-Jun-2026 09:20:45 Europe/Berlin] Request: GET, Action: get
[30-Jun-2026 09:20:54 Europe/Berlin] Request: GET, Action: get
[30-Jun-2026 09:21:12 Europe/Berlin] Request: GET, Action: get
[30-Jun-2026 09:23:03 Europe/Berlin] Request: GET, Action: get
[30-Jun-2026 09:29:10 Europe/Berlin] Request: GET, Action: get
[30-Jun-2026 09:29:10 Europe/Berlin] Request: GET, Action: get
[30-Jun-2026 09:38:50 Europe/Berlin] Request: GET, Action: get
[30-Jun-2026 09:38:50 Europe/Berlin] Request: GET, Action: get
[30-Jun-2026 09:38:58 Europe/Berlin] Request: GET, Action: get
[30-Jun-2026 09:39:14 Europe/Berlin] Request: GET, Action: get
[30-Jun-2026 09:39:20 Europe/Berlin] Request: GET, Action: get
[30-Jun-2026 09:41:57 Europe/Berlin] Request: GET, Action: get
[30-Jun-2026 09:42:03 Europe/Berlin] Request: GET, Action: get
[30-Jun-2026 09:42:20 Europe/Berlin] Request: GET, Action: get
[30-Jun-2026 09:44:21 Europe/Berlin] Request: GET, Action: get
[30-Jun-2026 09:44:21 Europe/Berlin] Request: GET, Action: get
[30-Jun-2026 09:45:57 Europe/Berlin] Request: GET, Action: get
[30-Jun-2026 09:47:42 Europe/Berlin] Request: GET, Action: get
[30-Jun-2026 09:47:42 Europe/Berlin] Request: GET, Action: get
[30-Jun-2026 09:47:50 Europe/Berlin] Request: GET, Action: get
[30-Jun-2026 09:48:02 Europe/Berlin] Request: GET, Action: get
[30-Jun-2026 09:49:04 Europe/Berlin] Request: GET, Action: get
[30-Jun-2026 09:51:05 Europe/Berlin] Request: GET, Action: get
[30-Jun-2026 10:02:27 Europe/Berlin] Request: GET, Action: get
[30-Jun-2026 10:02:27 Europe/Berlin] Request: GET, Action: get
[30-Jun-2026 10:12:30 Europe/Berlin] Request: GET, Action: get
[30-Jun-2026 10:12:30 Europe/Berlin] Request: GET, Action: get
[30-Jun-2026 10:12:35 Europe/Berlin] Request: GET, Action: get
[30-Jun-2026 10:15:47 Europe/Berlin] Request: GET, Action: get
[30-Jun-2026 10:15:47 Europe/Berlin] Request: GET, Action: get
[30-Jun-2026 10:16:19 Europe/Berlin] Request: GET, Action: get
[30-Jun-2026 10:16:23 Europe/Berlin] Request: GET, Action: get
[30-Jun-2026 10:18:19 Europe/Berlin] Request: GET, Action: get
[30-Jun-2026 10:18:22 Europe/Berlin] Request: GET, Action: get
[30-Jun-2026 10:18:50 Europe/Berlin] Request: GET, Action: get
[30-Jun-2026 10:18:56 Europe/Berlin] Request: GET, Action: get
[30-Jun-2026 10:19:04 Europe/Berlin] Request: GET, Action: get
[30-Jun-2026 10:19:19 Europe/Berlin] Request: GET, Action: get
[30-Jun-2026 10:20:05 Europe/Berlin] Request: GET, Action: get
[30-Jun-2026 10:20:10 Europe/Berlin] Request: GET, Action: get
[30-Jun-2026 10:20:14 Europe/Berlin] Request: GET, Action: get
[30-Jun-2026 10:21:48 Europe/Berlin] Request: GET, Action: get
[30-Jun-2026 10:21:52 Europe/Berlin] Request: GET, Action: get
[30-Jun-2026 10:28:35 Europe/Berlin] Request: GET, Action: get
[30-Jun-2026 10:28:35 Europe/Berlin] Request: GET, Action: get
[30-Jun-2026 10:30:24 Europe/Berlin] Request: GET, Action: get
[30-Jun-2026 10:30:45 Europe/Berlin] Request: GET, Action: get
[30-Jun-2026 10:31:03 Europe/Berlin] Request: GET, Action: get
[30-Jun-2026 10:33:11 Europe/Berlin] Request: GET, Action: get
[30-Jun-2026 10:34:06 Europe/Berlin] Request: GET, Action: get
[30-Jun-2026 10:34:22 Europe/Berlin] Request: GET, Action: get
[30-Jun-2026 10:40:50 Europe/Berlin] Request: GET, Action: get
[30-Jun-2026 10:45:50 Europe/Berlin] Request: GET, Action: get
[30-Jun-2026 10:45:50 Europe/Berlin] Request: GET, Action: get
[30-Jun-2026 10:46:15 Europe/Berlin] Request: GET, Action: get
[30-Jun-2026 10:49:02 Europe/Berlin] Request: GET, Action: get
[30-Jun-2026 10:49:06 Europe/Berlin] Request: GET, Action: get
[30-Jun-2026 10:56:01 Europe/Berlin] Request: GET, Action: get
[30-Jun-2026 10:56:01 Europe/Berlin] Request: GET, Action: get
[30-Jun-2026 11:00:31 Europe/Berlin] Request: GET, Action: get
[30-Jun-2026 11:00:31 Europe/Berlin] Request: GET, Action: get
[30-Jun-2026 11:00:44 Europe/Berlin] Request: GET, Action: get
[30-Jun-2026 11:01:06 Europe/Berlin] Request: GET, Action: get
[30-Jun-2026 11:09:53 Europe/Berlin] Request: GET, Action: get
[30-Jun-2026 11:25:35 Europe/Berlin] Request: GET, Action: get
[30-Jun-2026 11:54:19 Europe/Berlin] Request: GET, Action: get
[30-Jun-2026 11:54:19 Europe/Berlin] Request: GET, Action: get
[30-Jun-2026 11:56:48 Europe/Berlin] Request: GET, Action: get
[30-Jun-2026 11:57:15 Europe/Berlin] Request: GET, Action: get_public
[30-Jun-2026 11:57:24 Europe/Berlin] Request: GET, Action: get_public
[30-Jun-2026 11:59:01 Europe/Berlin] Request: GET, Action: get_public
[30-Jun-2026 12:06:16 Europe/Berlin] Request: GET, Action: get
[30-Jun-2026 12:06:16 Europe/Berlin] Request: GET, Action: get
[30-Jun-2026 12:07:49 Europe/Berlin] Request: GET, Action: get
[30-Jun-2026 12:07:53 Europe/Berlin] Request: GET, Action: get
[30-Jun-2026 12:08:47 Europe/Berlin] Request: GET, Action: get
[30-Jun-2026 12:13:51 Europe/Berlin] Request: GET, Action: get
[30-Jun-2026 12:22:20 Europe/Berlin] Request: GET, Action: get
[30-Jun-2026 12:22:20 Europe/Berlin] Request: GET, Action: get
[30-Jun-2026 12:22:27 Europe/Berlin] Request: GET, Action: get
[30-Jun-2026 12:22:30 Europe/Berlin] Request: GET, Action: get
[30-Jun-2026 12:22:44 Europe/Berlin] Request: GET, Action: get
[30-Jun-2026 12:22:58 Europe/Berlin] Request: GET, Action: get
[30-Jun-2026 12:23:12 Europe/Berlin] Request: GET, Action: get
[30-Jun-2026 12:23:29 Europe/Berlin] Request: GET, Action: get
[30-Jun-2026 12:24:42 Europe/Berlin] Request: GET, Action: get
[30-Jun-2026 12:27:13 Europe/Berlin] Request: GET, Action: get
[30-Jun-2026 12:28:00 Europe/Berlin] Request: GET, Action: get
[30-Jun-2026 12:28:00 Europe/Berlin] Request: GET, Action: get
[30-Jun-2026 12:28:15 Europe/Berlin] Request: GET, Action: get
[30-Jun-2026 12:30:18 Europe/Berlin] Request: GET, Action: get
[30-Jun-2026 12:30:45 Europe/Berlin] Request: GET, Action: get
[30-Jun-2026 12:32:04 Europe/Berlin] Request: GET, Action: get
[30-Jun-2026 12:32:04 Europe/Berlin] Request: GET, Action: get
[30-Jun-2026 12:32:15 Europe/Berlin] Request: GET, Action: get
[30-Jun-2026 12:33:17 Europe/Berlin] Request: GET, Action: get_public
[30-Jun-2026 12:36:27 Europe/Berlin] Request: GET, Action: get_public
[30-Jun-2026 13:01:50 Europe/Berlin] Request: GET, Action: get_public
[30-Jun-2026 13:07:29 Europe/Berlin] Request: GET, Action: get_public
[30-Jun-2026 13:18:19 Europe/Berlin] Request: GET, Action: get_public
[30-Jun-2026 13:19:24 Europe/Berlin] Request: GET, Action: get_public
[30-Jun-2026 13:19:49 Europe/Berlin] Request: GET, Action: get_public
[30-Jun-2026 13:23:36 Europe/Berlin] Request: GET, Action: get_public
[30-Jun-2026 13:24:07 Europe/Berlin] Request: GET, Action: get_public
[30-Jun-2026 13:32:19 Europe/Berlin] Request: GET, Action: get_public
[30-Jun-2026 13:33:22 Europe/Berlin] Request: GET, Action: get_public
[30-Jun-2026 13:34:57 Europe/Berlin] Request: GET, Action: get_public
[30-Jun-2026 13:36:11 Europe/Berlin] Request: GET, Action: get
[30-Jun-2026 13:36:11 Europe/Berlin] Request: GET, Action: get
[30-Jun-2026 13:36:52 Europe/Berlin] Request: GET, Action: get
[30-Jun-2026 13:36:52 Europe/Berlin] Request: GET, Action: get
[30-Jun-2026 13:37:02 Europe/Berlin] Request: GET, Action: get
[30-Jun-2026 13:58:28 Europe/Berlin] Request: GET, Action: get
[30-Jun-2026 13:58:29 Europe/Berlin] Request: GET, Action: get
[30-Jun-2026 13:58:41 Europe/Berlin] Request: GET, Action: get
[30-Jun-2026 13:59:53 Europe/Berlin] Request: GET, Action: get
[30-Jun-2026 14:04:19 Europe/Berlin] Request: GET, Action: get
[30-Jun-2026 14:04:24 Europe/Berlin] Request: GET, Action: get
[30-Jun-2026 14:04:37 Europe/Berlin] Request: GET, Action: get
[30-Jun-2026 14:06:39 Europe/Berlin] Request: GET, Action: get
[30-Jun-2026 14:06:39 Europe/Berlin] Request: GET, Action: get
[30-Jun-2026 14:08:11 Europe/Berlin] Request: GET, Action: get
[30-Jun-2026 14:09:43 Europe/Berlin] Request: GET, Action: get
[30-Jun-2026 14:09:56 Europe/Berlin] Request: GET, Action: get
[30-Jun-2026 14:10:12 Europe/Berlin] Request: GET, Action: get
[30-Jun-2026 14:11:26 Europe/Berlin] Request: GET, Action: get
[30-Jun-2026 14:11:47 Europe/Berlin] Request: GET, Action: get
[30-Jun-2026 14:13:10 Europe/Berlin] Request: GET, Action: get
[30-Jun-2026 14:14:28 Europe/Berlin] Request: GET, Action: get
[30-Jun-2026 14:15:21 Europe/Berlin] Request: GET, Action: get
[30-Jun-2026 14:15:27 Europe/Berlin] Request: GET, Action: get
[30-Jun-2026 14:18:51 Europe/Berlin] Request: GET, Action: get
[30-Jun-2026 14:18:56 Europe/Berlin] Request: GET, Action: get
[30-Jun-2026 14:19:11 Europe/Berlin] Request: GET, Action: get
[30-Jun-2026 14:19:24 Europe/Berlin] Request: GET, Action: get
[30-Jun-2026 14:25:26 Europe/Berlin] Request: GET, Action: get
[30-Jun-2026 14:25:26 Europe/Berlin] Request: GET, Action: get
[30-Jun-2026 14:27:45 Europe/Berlin] Request: GET, Action: get
[30-Jun-2026 14:27:45 Europe/Berlin] Request: GET, Action: get
[30-Jun-2026 14:28:34 Europe/Berlin] Request: GET, Action: get
[30-Jun-2026 14:28:37 Europe/Berlin] Request: GET, Action: get
[30-Jun-2026 14:28:42 Europe/Berlin] Request: GET, Action: get
[30-Jun-2026 14:28:51 Europe/Berlin] Request: GET, Action: get
[30-Jun-2026 14:34:43 Europe/Berlin] Request: GET, Action: get
[30-Jun-2026 14:35:28 Europe/Berlin] Request: GET, Action: get
[30-Jun-2026 14:37:17 Europe/Berlin] Request: GET, Action: get
[30-Jun-2026 14:37:17 Europe/Berlin] Request: GET, Action: get
[30-Jun-2026 14:37:23 Europe/Berlin] Request: GET, Action: get
[30-Jun-2026 14:42:53 Europe/Berlin] Request: GET, Action: get
[30-Jun-2026 14:42:53 Europe/Berlin] Request: GET, Action: get
[30-Jun-2026 14:43:03 Europe/Berlin] Request: GET, Action: get
[30-Jun-2026 14:43:06 Europe/Berlin] Request: GET, Action: get
[30-Jun-2026 14:43:16 Europe/Berlin] Request: GET, Action: get
[30-Jun-2026 14:43:20 Europe/Berlin] Request: GET, Action: get
[30-Jun-2026 14:43:43 Europe/Berlin] Request: GET, Action: get
[30-Jun-2026 14:43:46 Europe/Berlin] Request: GET, Action: get
[30-Jun-2026 14:44:05 Europe/Berlin] Request: GET, Action: get
[30-Jun-2026 14:57:57 Europe/Berlin] Request: GET, Action: get
[30-Jun-2026 14:57:57 Europe/Berlin] Request: GET, Action: get
[30-Jun-2026 14:58:03 Europe/Berlin] Request: GET, Action: get
[30-Jun-2026 15:00:26 Europe/Berlin] Request: GET, Action: get
[30-Jun-2026 15:00:26 Europe/Berlin] Request: GET, Action: get
[30-Jun-2026 15:00:34 Europe/Berlin] Request: GET, Action: get
[30-Jun-2026 15:34:23 Europe/Berlin] Request: GET, Action: get
[30-Jun-2026 15:34:23 Europe/Berlin] Request: GET, Action: get
[30-Jun-2026 15:41:56 Europe/Berlin] Request: GET, Action: get
[30-Jun-2026 15:41:56 Europe/Berlin] Request: GET, Action: get
[30-Jun-2026 15:42:23 Europe/Berlin] Request: GET, Action: get
[30-Jun-2026 15:44:43 Europe/Berlin] Request: GET, Action: get
[30-Jun-2026 17:25:20 Europe/Berlin] Request: GET, Action: get
[30-Jun-2026 17:25:20 Europe/Berlin] Request: GET, Action: get
[01-Jul-2026 09:40:45 Europe/Berlin] Request: GET, Action: get
[01-Jul-2026 09:40:45 Europe/Berlin] Request: GET, Action: get
[01-Jul-2026 09:41:00 Europe/Berlin] Request: GET, Action: get
[01-Jul-2026 09:41:05 Europe/Berlin] Request: GET, Action: get
[01-Jul-2026 09:41:52 Europe/Berlin] Request: GET, Action: get
[01-Jul-2026 09:42:33 Europe/Berlin] Request: GET, Action: get
[01-Jul-2026 09:42:37 Europe/Berlin] Request: GET, Action: get
[01-Jul-2026 09:42:46 Europe/Berlin] Request: GET, Action: get
[01-Jul-2026 09:43:29 Europe/Berlin] Request: GET, Action: get
[01-Jul-2026 09:44:32 Europe/Berlin] Request: GET, Action: get
[01-Jul-2026 09:44:32 Europe/Berlin] Request: GET, Action: get
[01-Jul-2026 09:44:37 Europe/Berlin] Request: GET, Action: get
[01-Jul-2026 09:44:40 Europe/Berlin] Request: GET, Action: get
[01-Jul-2026 09:44:44 Europe/Berlin] Request: GET, Action: get
[01-Jul-2026 09:45:30 Europe/Berlin] Request: GET, Action: get
[01-Jul-2026 09:45:38 Europe/Berlin] Request: GET, Action: get
[01-Jul-2026 09:45:46 Europe/Berlin] Request: GET, Action: get
[01-Jul-2026 09:45:53 Europe/Berlin] Request: GET, Action: get
[01-Jul-2026 11:10:12 Europe/Berlin] Request: GET, Action: get
[01-Jul-2026 11:10:12 Europe/Berlin] Request: GET, Action: get
[01-Jul-2026 14:10:09 Europe/Berlin] Request: GET, Action: get
[01-Jul-2026 14:10:09 Europe/Berlin] Request: GET, Action: get
[01-Jul-2026 14:10:21 Europe/Berlin] Request: GET, Action: get
[01-Jul-2026 14:10:31 Europe/Berlin] Request: GET, Action: get
[01-Jul-2026 14:17:22 Europe/Berlin] Request: GET, Action: get
[01-Jul-2026 14:17:55 Europe/Berlin] Request: GET, Action: get
[01-Jul-2026 14:18:02 Europe/Berlin] Request: GET, Action: get
[01-Jul-2026 14:18:07 Europe/Berlin] Request: GET, Action: get
[01-Jul-2026 14:19:39 Europe/Berlin] Request: GET, Action: get
[01-Jul-2026 14:20:12 Europe/Berlin] Request: GET, Action: get
[01-Jul-2026 14:22:13 Europe/Berlin] Request: GET, Action: get_public
[01-Jul-2026 14:24:01 Europe/Berlin] Request: GET, Action: get
[01-Jul-2026 14:24:01 Europe/Berlin] Request: GET, Action: get
[01-Jul-2026 14:24:12 Europe/Berlin] Request: GET, Action: get
[01-Jul-2026 14:24:39 Europe/Berlin] Request: GET, Action: get
[01-Jul-2026 14:36:38 Europe/Berlin] Request: GET, Action: get
[01-Jul-2026 14:37:50 Europe/Berlin] Request: GET, Action: get
[01-Jul-2026 14:40:40 Europe/Berlin] Request: GET, Action: get
[01-Jul-2026 14:41:25 Europe/Berlin] Request: GET, Action: get
[01-Jul-2026 14:44:59 Europe/Berlin] Request: GET, Action: get
